{"/Users/bennnou/Perso/www/angular-translate-extractor/src/index.js":{"path":"/Users/bennnou/Perso/www/angular-translate-extractor/src/index.js","s":{"1":1,"2":1,"3":1,"4":1,"5":1,"6":1,"7":1,"8":1,"9":1,"10":1,"11":1,"12":1,"13":1,"14":1,"15":1,"16":7,"17":1,"18":1,"19":1,"20":1,"21":0,"22":0,"23":0,"24":0,"25":0,"26":0,"27":0,"28":0,"29":0,"30":0,"31":0,"32":0,"33":0,"34":0,"35":0,"36":0,"37":0,"38":0,"39":0,"40":0,"41":0,"42":0,"43":0,"44":0,"45":0,"46":0,"47":0,"48":0,"49":0,"50":0,"51":0,"52":0,"53":0,"54":0,"55":0,"56":0,"57":0,"58":0,"59":0,"60":0,"61":0,"62":0,"63":0,"64":0,"65":0,"66":0,"67":0,"68":0,"69":0,"70":0,"71":0,"72":0,"73":0,"74":0,"75":0,"76":0,"77":0,"78":0,"79":0,"80":0,"81":0,"82":0,"83":0,"84":0,"85":0,"86":0,"87":0,"88":0,"89":0,"90":0,"91":0,"92":0,"93":0,"94":0,"95":0,"96":0,"97":0,"98":0,"99":0,"100":0,"101":0,"102":0,"103":0,"104":0,"105":0,"106":0,"107":0,"108":0,"109":0,"110":0,"111":0,"112":0,"113":0,"114":0,"115":0,"116":0,"117":0,"118":0,"119":0,"120":0,"121":0,"122":0,"123":0,"124":0,"125":0,"126":0,"127":0,"128":0,"129":0,"130":0,"131":0,"132":0,"133":0,"134":0,"135":0,"136":0,"137":0,"138":0,"139":0,"140":0,"141":0,"142":0,"143":0,"144":0,"145":1},"b":{"1":[2,5],"2":[7,7],"3":[0,0],"4":[0,0],"5":[0,0],"6":[0,0],"7":[0,0],"8":[0,0],"9":[0,0],"10":[0,0],"11":[0,0],"12":[0,0],"13":[0,0],"14":[0,0],"15":[0,0],"16":[0,0],"17":[0,0],"18":[0,0],"19":[0,0],"20":[0,0],"21":[0,0],"22":[0,0,0,0,0],"23":[0,0],"24":[0,0],"25":[0,0],"26":[0,0],"27":[0,0],"28":[0,0],"29":[0,0,0,0,0,0,0,0,0,0,0,0,0],"30":[0,0],"31":[0,0],"32":[0,0],"33":[0,0,0],"34":[0,0],"35":[0,0],"36":[0,0],"37":[0,0],"38":[0,0],"39":[0,0],"40":[0,0],"41":[0,0],"42":[0,0],"43":[0,0],"44":[0,0],"45":[0,0],"46":[0,0],"47":[0,0],"48":[0,0],"49":[0,0],"50":[0,0],"51":[0,0],"52":[0,0],"53":[0,0],"54":[0,0],"55":[0,0,0,0,0,0,0,0],"56":[0,0],"57":[0,0],"58":[0,0],"59":[0,0],"60":[0,0]},"f":{"1":7,"2":1,"3":0,"4":0,"5":0,"6":0,"7":0,"8":0,"9":0,"10":0,"11":0,"12":0},"fnMap":{"1":{"name":"_interopRequireDefault","line":0,"loc":{"start":{"line":0,"column":0},"end":{"line":0,"column":0}},"skip":true},"2":{"name":"(anonymous_2)","line":20,"loc":{"start":{"line":20,"column":1},"end":{"line":20,"column":12}}},"3":{"name":"Extractor","line":23,"loc":{"start":{"line":23,"column":18},"end":{"line":23,"column":42}}},"4":{"name":"_extractTranslation","line":59,"loc":{"start":{"line":59,"column":30},"end":{"line":59,"column":70}}},"5":{"name":"(anonymous_5)","line":130,"loc":{"start":{"line":130,"column":26},"end":{"line":130,"column":40}}},"6":{"name":"defaultValueByTranslationKey","line":147,"loc":{"start":{"line":147,"column":45},"end":{"line":147,"column":96}}},"7":{"name":"(anonymous_7)","line":161,"loc":{"start":{"line":161,"column":35},"end":{"line":161,"column":47}}},"8":{"name":"(anonymous_8)","line":197,"loc":{"start":{"line":197,"column":27},"end":{"line":197,"column":49}}},"9":{"name":"_recurseObject","line":213,"loc":{"start":{"line":213,"column":25},"end":{"line":213,"column":41}}},"10":{"name":"_recurseFeedDefaultNamespace","line":236,"loc":{"start":{"line":236,"column":39},"end":{"line":236,"column":61}}},"11":{"name":"(anonymous_11)","line":268,"loc":{"start":{"line":268,"column":18},"end":{"line":268,"column":34}}},"12":{"name":"(anonymous_12)","line":306,"loc":{"start":{"line":306,"column":20},"end":{"line":306,"column":36}}}},"statementMap":{"1":{"start":{"line":0,"column":0},"end":{"line":0,"column":0},"skip":true},"2":{"start":{"line":0,"column":0},"end":{"line":0,"column":0},"skip":true},"3":{"start":{"line":0,"column":0},"end":{"line":0,"column":0},"skip":true},"4":{"start":{"line":0,"column":0},"end":{"line":0,"column":0},"skip":true},"5":{"start":{"line":0,"column":0},"end":{"line":0,"column":0},"skip":true},"6":{"start":{"line":0,"column":0},"end":{"line":0,"column":0},"skip":true},"7":{"start":{"line":0,"column":0},"end":{"line":0,"column":0},"skip":true},"8":{"start":{"line":0,"column":0},"end":{"line":0,"column":0},"skip":true},"9":{"start":{"line":0,"column":0},"end":{"line":0,"column":0},"skip":true},"10":{"start":{"line":0,"column":0},"end":{"line":0,"column":0},"skip":true},"11":{"start":{"line":0,"column":0},"end":{"line":0,"column":0},"skip":true},"12":{"start":{"line":0,"column":0},"end":{"line":0,"column":0},"skip":true},"13":{"start":{"line":0,"column":0},"end":{"line":0,"column":0},"skip":true},"14":{"start":{"line":0,"column":0},"end":{"line":0,"column":0},"skip":true},"15":{"start":{"line":0,"column":0},"end":{"line":0,"column":0},"skip":true},"16":{"start":{"line":0,"column":0},"end":{"line":0,"column":0},"skip":true},"17":{"start":{"line":19,"column":0},"end":{"line":null,"column":null}},"18":{"start":{"line":20,"column":0},"end":{"line":null,"column":null}},"19":{"start":{"line":21,"column":6},"end":{"line":20,"column":12}},"20":{"start":{"line":23,"column":6},"end":{"line":20,"column":12}},"21":{"start":{"line":24,"column":9},"end":{"line":null,"column":null}},"22":{"start":{"line":27,"column":8},"end":{"line":23,"column":42}},"23":{"start":{"line":28,"column":11},"end":{"line":23,"column":42}},"24":{"start":{"line":29,"column":16},"end":{"line":23,"column":42}},"25":{"start":{"line":30,"column":13},"end":{"line":null,"column":null}},"26":{"start":{"line":35,"column":8},"end":{"line":35,"column":4}},"27":{"start":{"line":36,"column":12},"end":{"line":35,"column":62}},"28":{"start":{"line":40,"column":8},"end":{"line":null,"column":null}},"29":{"start":{"line":59,"column":8},"end":{"line":null,"column":null}},"30":{"start":{"line":60,"column":10},"end":{"line":59,"column":70}},"31":{"start":{"line":61,"column":11},"end":{"line":59,"column":70}},"32":{"start":{"line":62,"column":11},"end":{"line":59,"column":70}},"33":{"start":{"line":63,"column":11},"end":{"line":59,"column":70}},"34":{"start":{"line":64,"column":12},"end":{"line":59,"column":70}},"35":{"start":{"line":65,"column":13},"end":{"line":65,"column":6}},"36":{"start":{"line":69,"column":12},"end":{"line":69,"column":8}},"37":{"start":{"line":70,"column":14},"end":{"line":69,"column":27}},"38":{"start":{"line":71,"column":14},"end":{"line":69,"column":27}},"39":{"start":{"line":73,"column":18},"end":{"line":null,"column":null}},"40":{"start":{"line":76,"column":31},"end":{"line":75,"column":12}},"41":{"start":{"line":77,"column":40},"end":{"line":75,"column":12}},"42":{"start":{"line":75,"column":12},"end":{"line":75,"column":12}},"43":{"start":{"line":80,"column":18},"end":{"line":80,"column":14}},"44":{"start":{"line":80,"column":33},"end":{"line":80,"column":33}},"45":{"start":{"line":83,"column":18},"end":{"line":79,"column":12}},"46":{"start":{"line":84,"column":16},"end":{"line":79,"column":12}},"47":{"start":{"line":85,"column":16},"end":{"line":79,"column":12}},"48":{"start":{"line":87,"column":27},"end":{"line":86,"column":12}},"49":{"start":{"line":88,"column":18},"end":{"line":88,"column":14}},"50":{"start":{"line":89,"column":42},"end":{"line":88,"column":67}},"51":{"start":{"line":91,"column":31},"end":{"line":86,"column":12}},"52":{"start":{"line":86,"column":12},"end":{"line":86,"column":12}},"53":{"start":{"line":94,"column":31},"end":{"line":93,"column":12}},"54":{"start":{"line":98,"column":14},"end":{"line":98,"column":10}},"55":{"start":{"line":98,"column":37},"end":{"line":98,"column":37}},"56":{"start":{"line":102,"column":18},"end":{"line":null,"column":null}},"57":{"start":{"line":109,"column":31},"end":{"line":108,"column":12}},"58":{"start":{"line":108,"column":12},"end":{"line":108,"column":12}},"59":{"start":{"line":116,"column":31},"end":{"line":115,"column":12}},"60":{"start":{"line":115,"column":12},"end":{"line":115,"column":12}},"61":{"start":{"line":120,"column":18},"end":{"line":119,"column":12}},"62":{"start":{"line":122,"column":17},"end":{"line":122,"column":14}},"63":{"start":{"line":123,"column":22},"end":{"line":122,"column":68}},"64":{"start":{"line":125,"column":22},"end":{"line":124,"column":21}},"65":{"start":{"line":127,"column":20},"end":{"line":119,"column":12}},"66":{"start":{"line":128,"column":20},"end":{"line":119,"column":12}},"67":{"start":{"line":130,"column":18},"end":{"line":119,"column":12}},"68":{"start":{"line":131,"column":23},"end":{"line":130,"column":40}},"69":{"start":{"line":132,"column":20},"end":{"line":132,"column":16}},"70":{"start":{"line":133,"column":26},"end":{"line":132,"column":33}},"71":{"start":{"line":119,"column":12},"end":{"line":119,"column":12}},"72":{"start":{"line":140,"column":14},"end":{"line":140,"column":10}},"73":{"start":{"line":141,"column":16},"end":{"line":141,"column":12}},"74":{"start":{"line":142,"column":31},"end":{"line":141,"column":54}},"75":{"start":{"line":147,"column":14},"end":{"line":null,"column":null}},"76":{"start":{"line":148,"column":16},"end":{"line":148,"column":12}},"77":{"start":{"line":150,"column":18},"end":{"line":150,"column":14}},"78":{"start":{"line":151,"column":24},"end":{"line":150,"column":78}},"79":{"start":{"line":153,"column":24},"end":{"line":152,"column":21}},"80":{"start":{"line":159,"column":14},"end":{"line":69,"column":27}},"81":{"start":{"line":160,"column":14},"end":{"line":160,"column":10}},"82":{"start":{"line":161,"column":14},"end":{"line":160,"column":27}},"83":{"start":{"line":162,"column":43},"end":{"line":161,"column":47}},"84":{"start":{"line":165,"column":41},"end":{"line":164,"column":17}},"85":{"start":{"line":173,"column":8},"end":{"line":null,"column":null}},"86":{"start":{"line":197,"column":4},"end":{"line":null,"column":null}},"87":{"start":{"line":198,"column":10},"end":{"line":198,"column":6}},"88":{"start":{"line":199,"column":15},"end":{"line":198,"column":62}},"89":{"start":{"line":201,"column":15},"end":{"line":200,"column":13}},"90":{"start":{"line":213,"column":8},"end":{"line":null,"column":null}},"91":{"start":{"line":214,"column":10},"end":{"line":213,"column":41}},"92":{"start":{"line":215,"column":10},"end":{"line":215,"column":6}},"93":{"start":{"line":216,"column":13},"end":{"line":216,"column":8}},"94":{"start":{"line":217,"column":14},"end":{"line":219,"column":17}},"95":{"start":{"line":218,"column":25},"end":{"line":217,"column":77}},"96":{"start":{"line":219,"column":17},"end":{"line":219,"column":17}},"97":{"start":{"line":220,"column":16},"end":{"line":219,"column":72}},"98":{"start":{"line":221,"column":27},"end":{"line":219,"column":72}},"99":{"start":{"line":225,"column":13},"end":{"line":213,"column":41}},"100":{"start":{"line":236,"column":8},"end":{"line":null,"column":null}},"101":{"start":{"line":237,"column":10},"end":{"line":236,"column":61}},"102":{"start":{"line":238,"column":10},"end":{"line":238,"column":6}},"103":{"start":{"line":239,"column":13},"end":{"line":239,"column":8}},"104":{"start":{"line":240,"column":14},"end":{"line":240,"column":10}},"105":{"start":{"line":241,"column":18},"end":{"line":240,"column":32}},"106":{"start":{"line":244,"column":15},"end":{"line":238,"column":28}},"107":{"start":{"line":246,"column":12},"end":{"line":246,"column":8}},"108":{"start":{"line":248,"column":17},"end":{"line":246,"column":40}},"109":{"start":{"line":251,"column":17},"end":{"line":249,"column":15}},"110":{"start":{"line":261,"column":8},"end":{"line":263,"column":6}},"111":{"start":{"line":262,"column":9},"end":{"line":261,"column":8}},"112":{"start":{"line":264,"column":9},"end":{"line":263,"column":16}},"113":{"start":{"line":268,"column":4},"end":{"line":null,"column":null}},"114":{"start":{"line":270,"column":11},"end":{"line":268,"column":34}},"115":{"start":{"line":271,"column":10},"end":{"line":null,"column":null}},"116":{"start":{"line":273,"column":11},"end":{"line":273,"column":6}},"117":{"start":{"line":274,"column":17},"end":{"line":273,"column":28}},"118":{"start":{"line":275,"column":16},"end":{"line":273,"column":28}},"119":{"start":{"line":285,"column":16},"end":{"line":283,"column":10}},"120":{"start":{"line":286,"column":16},"end":{"line":286,"column":12}},"121":{"start":{"line":288,"column":19},"end":{"line":288,"column":14}},"122":{"start":{"line":289,"column":20},"end":{"line":289,"column":16}},"123":{"start":{"line":290,"column":38},"end":{"line":289,"column":43}},"124":{"start":{"line":283,"column":10},"end":{"line":283,"column":10}},"125":{"start":{"line":298,"column":32},"end":{"line":297,"column":10}},"126":{"start":{"line":306,"column":4},"end":{"line":null,"column":null}},"127":{"start":{"line":307,"column":11},"end":{"line":306,"column":36}},"128":{"start":{"line":308,"column":10},"end":{"line":306,"column":36}},"129":{"start":{"line":309,"column":10},"end":{"line":306,"column":36}},"130":{"start":{"line":310,"column":11},"end":{"line":310,"column":6}},"131":{"start":{"line":311,"column":12},"end":{"line":311,"column":8}},"132":{"start":{"line":312,"column":19},"end":{"line":311,"column":40}},"133":{"start":{"line":318,"column":8},"end":{"line":null,"column":null}},"134":{"start":{"line":325,"column":8},"end":{"line":23,"column":42}},"135":{"start":{"line":335,"column":11},"end":{"line":23,"column":42}},"136":{"start":{"line":337,"column":12},"end":{"line":336,"column":6}},"137":{"start":{"line":338,"column":12},"end":{"line":336,"column":6}},"138":{"start":{"line":339,"column":14},"end":{"line":336,"column":6}},"139":{"start":{"line":340,"column":21},"end":{"line":336,"column":6}},"140":{"start":{"line":336,"column":6},"end":{"line":336,"column":6}},"141":{"start":{"line":343,"column":12},"end":{"line":342,"column":6}},"142":{"start":{"line":344,"column":12},"end":{"line":342,"column":6}},"143":{"start":{"line":345,"column":15},"end":{"line":342,"column":6}},"144":{"start":{"line":346,"column":21},"end":{"line":342,"column":6}},"145":{"start":{"line":350,"column":9},"end":{"line":20,"column":12}}},"branchMap":{"1":{"line":0,"type":"cond-expr","locations":[{"start":{"line":0,"column":0},"end":{"line":0,"column":0},"skip":true},{"start":{"line":0,"column":0},"end":{"line":0,"column":0},"skip":true}]},"2":{"line":0,"type":"binary-expr","locations":[{"start":{"line":0,"column":0},"end":{"line":0,"column":0},"skip":true},{"start":{"line":0,"column":0},"end":{"line":0,"column":0},"skip":true}]},"3":{"line":28,"type":"cond-expr","locations":[{"start":{"line":28,"column":27},"end":{"line":28,"column":19}},{"start":{"line":28,"column":37},"end":{"line":28,"column":19}}]},"4":{"line":29,"type":"cond-expr","locations":[{"start":{"line":29,"column":26},"end":{"line":29,"column":26}},{"start":{"line":29,"column":59},"end":{"line":29,"column":16}}]},"5":{"line":29,"type":"binary-expr","locations":[{"start":{"line":29,"column":26},"end":{"line":29,"column":26}},{"start":{"line":29,"column":46},"end":{"line":29,"column":26}}]},"6":{"line":35,"type":"if","locations":[{"start":{"line":35,"column":8},"end":{"line":35,"column":8}},{"start":{"line":35,"column":8},"end":{"line":35,"column":8}}]},"7":{"line":35,"type":"binary-expr","locations":[{"start":{"line":35,"column":8},"end":{"line":35,"column":8}},{"start":{"line":35,"column":38},"end":{"line":35,"column":39}}]},"8":{"line":41,"type":"binary-expr","locations":[{"start":{"line":41,"column":47},"end":{"line":41,"column":47}},{"start":{"line":41,"column":65},"end":{"line":41,"column":47}}]},"9":{"line":42,"type":"binary-expr","locations":[{"start":{"line":42,"column":42},"end":{"line":42,"column":42}},{"start":{"line":42,"column":63},"end":{"line":42,"column":42}}]},"10":{"line":43,"type":"binary-expr","locations":[{"start":{"line":43,"column":36},"end":{"line":43,"column":36}},{"start":{"line":43,"column":61},"end":{"line":43,"column":36}}]},"11":{"line":44,"type":"binary-expr","locations":[{"start":{"line":44,"column":28},"end":{"line":44,"column":28}},{"start":{"line":44,"column":55},"end":{"line":44,"column":28}}]},"12":{"line":47,"type":"binary-expr","locations":[{"start":{"line":47,"column":28},"end":{"line":47,"column":28}},{"start":{"line":47,"column":51},"end":{"line":47,"column":28}}]},"13":{"line":48,"type":"binary-expr","locations":[{"start":{"line":48,"column":28},"end":{"line":48,"column":28}},{"start":{"line":48,"column":51},"end":{"line":48,"column":28}}]},"14":{"line":49,"type":"binary-expr","locations":[{"start":{"line":49,"column":28},"end":{"line":49,"column":28}},{"start":{"line":49,"column":48},"end":{"line":49,"column":28}}]},"15":{"line":50,"type":"cond-expr","locations":[{"start":{"line":50,"column":49},"end":{"line":50,"column":28}},{"start":{"line":50,"column":56},"end":{"line":50,"column":28}}]},"16":{"line":52,"type":"cond-expr","locations":[{"start":{"line":52,"column":100},"end":{"line":52,"column":100}},{"start":{"line":52,"column":124},"end":{"line":52,"column":28}}]},"17":{"line":52,"type":"binary-expr","locations":[{"start":{"line":52,"column":28},"end":{"line":52,"column":28}},{"start":{"line":52,"column":64},"end":{"line":52,"column":28}}]},"18":{"line":53,"type":"binary-expr","locations":[{"start":{"line":53,"column":28},"end":{"line":53,"column":28}},{"start":{"line":53,"column":58},"end":{"line":53,"column":28}}]},"19":{"line":55,"type":"binary-expr","locations":[{"start":{"line":55,"column":28},"end":{"line":55,"column":28}},{"start":{"line":55,"column":51},"end":{"line":55,"column":28}}]},"20":{"line":56,"type":"binary-expr","locations":[{"start":{"line":56,"column":28},"end":{"line":56,"column":28}},{"start":{"line":56,"column":49},"end":{"line":56,"column":28}}]},"21":{"line":69,"type":"if","locations":[{"start":{"line":69,"column":12},"end":{"line":69,"column":12}},{"start":{"line":69,"column":12},"end":{"line":69,"column":12}}]},"22":{"line":74,"type":"switch","locations":[{"start":{"line":74,"column":17},"end":{"line":73,"column":10}},{"start":{"line":75,"column":17},"end":{"line":75,"column":12}},{"start":{"line":79,"column":17},"end":{"line":79,"column":12}},{"start":{"line":86,"column":17},"end":{"line":86,"column":12}},{"start":{"line":0,"column":0},"end":{"line":0,"column":0},"skip":true}]},"23":{"line":77,"type":"binary-expr","locations":[{"start":{"line":77,"column":41},"end":{"line":77,"column":49}},{"start":{"line":77,"column":49},"end":{"line":77,"column":41}}]},"24":{"line":80,"type":"if","locations":[{"start":{"line":80,"column":18},"end":{"line":80,"column":18}},{"start":{"line":80,"column":18},"end":{"line":80,"column":18}}]},"25":{"line":88,"type":"if","locations":[{"start":{"line":88,"column":18},"end":{"line":88,"column":18}},{"start":{"line":88,"column":18},"end":{"line":88,"column":18}}]},"26":{"line":88,"type":"binary-expr","locations":[{"start":{"line":88,"column":18},"end":{"line":88,"column":43}},{"start":{"line":88,"column":43},"end":{"line":88,"column":43}}]},"27":{"line":89,"type":"cond-expr","locations":[{"start":{"line":89,"column":132},"end":{"line":89,"column":132}},{"start":{"line":89,"column":154},"end":{"line":89,"column":116}}]},"28":{"line":98,"type":"if","locations":[{"start":{"line":98,"column":14},"end":{"line":98,"column":14}},{"start":{"line":98,"column":14},"end":{"line":98,"column":14}}]},"29":{"line":103,"type":"switch","locations":[{"start":{"line":103,"column":17},"end":{"line":102,"column":10}},{"start":{"line":104,"column":17},"end":{"line":102,"column":10}},{"start":{"line":105,"column":17},"end":{"line":102,"column":10}},{"start":{"line":106,"column":17},"end":{"line":102,"column":10}},{"start":{"line":107,"column":17},"end":{"line":102,"column":10}},{"start":{"line":108,"column":17},"end":{"line":108,"column":12}},{"start":{"line":111,"column":17},"end":{"line":102,"column":10}},{"start":{"line":112,"column":17},"end":{"line":102,"column":10}},{"start":{"line":113,"column":17},"end":{"line":102,"column":10}},{"start":{"line":114,"column":17},"end":{"line":102,"column":10}},{"start":{"line":115,"column":17},"end":{"line":115,"column":12}},{"start":{"line":118,"column":17},"end":{"line":102,"column":10}},{"start":{"line":119,"column":17},"end":{"line":119,"column":12}}]},"30":{"line":122,"type":"if","locations":[{"start":{"line":122,"column":17},"end":{"line":122,"column":17}},{"start":{"line":122,"column":17},"end":{"line":122,"column":17}}]},"31":{"line":132,"type":"if","locations":[{"start":{"line":132,"column":20},"end":{"line":132,"column":20}},{"start":{"line":132,"column":20},"end":{"line":132,"column":20}}]},"32":{"line":140,"type":"if","locations":[{"start":{"line":140,"column":14},"end":{"line":140,"column":14}},{"start":{"line":140,"column":14},"end":{"line":140,"column":14}}]},"33":{"line":140,"type":"binary-expr","locations":[{"start":{"line":140,"column":14},"end":{"line":140,"column":41}},{"start":{"line":140,"column":41},"end":{"line":140,"column":41}},{"start":{"line":140,"column":68},"end":{"line":140,"column":14}}]},"34":{"line":141,"type":"if","locations":[{"start":{"line":141,"column":16},"end":{"line":141,"column":16}},{"start":{"line":141,"column":16},"end":{"line":141,"column":16}}]},"35":{"line":142,"type":"binary-expr","locations":[{"start":{"line":142,"column":31},"end":{"line":142,"column":73}},{"start":{"line":142,"column":73},"end":{"line":142,"column":31}}]},"36":{"line":148,"type":"if","locations":[{"start":{"line":148,"column":16},"end":{"line":148,"column":16}},{"start":{"line":148,"column":16},"end":{"line":148,"column":16}}]},"37":{"line":148,"type":"binary-expr","locations":[{"start":{"line":148,"column":16},"end":{"line":148,"column":16}},{"start":{"line":149,"column":14},"end":{"line":149,"column":14}}]},"38":{"line":150,"type":"if","locations":[{"start":{"line":150,"column":18},"end":{"line":150,"column":18}},{"start":{"line":150,"column":18},"end":{"line":150,"column":18}}]},"39":{"line":150,"type":"binary-expr","locations":[{"start":{"line":150,"column":18},"end":{"line":150,"column":18}},{"start":{"line":150,"column":40},"end":{"line":150,"column":40}}]},"40":{"line":160,"type":"if","locations":[{"start":{"line":160,"column":14},"end":{"line":160,"column":14}},{"start":{"line":160,"column":14},"end":{"line":160,"column":14}}]},"41":{"line":198,"type":"if","locations":[{"start":{"line":198,"column":10},"end":{"line":198,"column":10}},{"start":{"line":198,"column":10},"end":{"line":198,"column":10}}]},"42":{"line":198,"type":"binary-expr","locations":[{"start":{"line":198,"column":10},"end":{"line":198,"column":37}},{"start":{"line":198,"column":37},"end":{"line":198,"column":37}}]},"43":{"line":215,"type":"if","locations":[{"start":{"line":215,"column":10},"end":{"line":215,"column":10}},{"start":{"line":215,"column":10},"end":{"line":215,"column":10}}]},"44":{"line":215,"type":"binary-expr","locations":[{"start":{"line":215,"column":10},"end":{"line":215,"column":30}},{"start":{"line":215,"column":30},"end":{"line":215,"column":10}}]},"45":{"line":217,"type":"if","locations":[{"start":{"line":217,"column":14},"end":{"line":217,"column":14}},{"start":{"line":217,"column":14},"end":{"line":217,"column":14}}]},"46":{"line":217,"type":"binary-expr","locations":[{"start":{"line":217,"column":14},"end":{"line":217,"column":40}},{"start":{"line":217,"column":40},"end":{"line":217,"column":73}}]},"47":{"line":219,"type":"if","locations":[{"start":{"line":219,"column":17},"end":{"line":219,"column":17}},{"start":{"line":219,"column":17},"end":{"line":219,"column":17}}]},"48":{"line":219,"type":"binary-expr","locations":[{"start":{"line":219,"column":21},"end":{"line":219,"column":47}},{"start":{"line":219,"column":47},"end":{"line":219,"column":21}}]},"49":{"line":237,"type":"binary-expr","locations":[{"start":{"line":237,"column":17},"end":{"line":237,"column":25}},{"start":{"line":237,"column":25},"end":{"line":237,"column":17}}]},"50":{"line":238,"type":"if","locations":[{"start":{"line":238,"column":10},"end":{"line":238,"column":10}},{"start":{"line":238,"column":10},"end":{"line":238,"column":10}}]},"51":{"line":240,"type":"if","locations":[{"start":{"line":240,"column":14},"end":{"line":240,"column":14}},{"start":{"line":240,"column":14},"end":{"line":240,"column":14}}]},"52":{"line":241,"type":"cond-expr","locations":[{"start":{"line":241,"column":81},"end":{"line":241,"column":81}},{"start":{"line":241,"column":100},"end":{"line":241,"column":68}}]},"53":{"line":246,"type":"if","locations":[{"start":{"line":246,"column":12},"end":{"line":246,"column":12}},{"start":{"line":246,"column":12},"end":{"line":246,"column":12}}]},"54":{"line":246,"type":"binary-expr","locations":[{"start":{"line":246,"column":12},"end":{"line":246,"column":12}},{"start":{"line":246,"column":28},"end":{"line":246,"column":28}}]},"55":{"line":277,"type":"switch","locations":[{"start":{"line":277,"column":15},"end":{"line":275,"column":8}},{"start":{"line":278,"column":15},"end":{"line":275,"column":8}},{"start":{"line":279,"column":15},"end":{"line":275,"column":8}},{"start":{"line":280,"column":15},"end":{"line":275,"column":8}},{"start":{"line":281,"column":15},"end":{"line":275,"column":8}},{"start":{"line":282,"column":15},"end":{"line":275,"column":8}},{"start":{"line":283,"column":15},"end":{"line":283,"column":10}},{"start":{"line":0,"column":0},"end":{"line":0,"column":0},"skip":true}]},"56":{"line":286,"type":"if","locations":[{"start":{"line":286,"column":16},"end":{"line":286,"column":16}},{"start":{"line":286,"column":16},"end":{"line":286,"column":16}}]},"57":{"line":286,"type":"binary-expr","locations":[{"start":{"line":286,"column":16},"end":{"line":286,"column":38}},{"start":{"line":286,"column":38},"end":{"line":286,"column":38}}]},"58":{"line":289,"type":"if","locations":[{"start":{"line":289,"column":20},"end":{"line":289,"column":20}},{"start":{"line":289,"column":20},"end":{"line":289,"column":20}}]},"59":{"line":311,"type":"if","locations":[{"start":{"line":311,"column":12},"end":{"line":311,"column":12}},{"start":{"line":311,"column":12},"end":{"line":311,"column":12}}]},"60":{"line":336,"type":"switch","locations":[{"start":{"line":336,"column":11},"end":{"line":336,"column":6}},{"start":{"line":0,"column":0},"end":{"line":0,"column":0},"skip":true}]}}},"/Users/bennnou/Perso/www/angular-translate-extractor/src/utils.js":{"path":"/Users/bennnou/Perso/www/angular-translate-extractor/src/utils.js","s":{"1":1,"2":1,"3":1,"4":1,"5":1,"6":5,"7":5,"8":5,"9":5,"10":5,"11":5,"12":1,"13":1,"14":1,"15":1,"16":0,"17":1,"18":1,"19":1,"20":1,"21":1,"22":1,"23":1,"24":1,"25":1,"26":1,"27":4,"28":1,"29":2,"30":0,"31":1,"32":1,"33":2,"34":2,"35":1,"36":10,"37":7,"38":3,"39":6,"40":3,"41":3,"42":2,"43":2,"44":1,"45":1,"46":9,"47":4,"48":4,"49":4,"50":4,"51":4,"52":4,"53":1,"54":4,"55":4,"56":0,"57":1,"58":1},"b":{"1":[5,5],"2":[5,0],"3":[1,0],"4":[0,1],"5":[0,4],"6":[4,4],"7":[0,2],"8":[2,1,1],"9":[7,3],"10":[4,3],"11":[0,3],"12":[1,3],"13":[4,0],"14":[4,4]},"f":{"1":1,"2":1,"3":1,"4":4,"5":2,"6":1,"7":2,"8":10,"9":3,"10":6,"11":2,"12":1,"13":9,"14":4},"fnMap":{"1":{"name":"(anonymous_1)","line":0,"loc":{"start":{"line":0,"column":0},"end":{"line":0,"column":0}},"skip":true},"2":{"name":"defineProperties","line":0,"loc":{"start":{"line":0,"column":0},"end":{"line":0,"column":0}},"skip":true},"3":{"name":"(anonymous_3)","line":0,"loc":{"start":{"line":0,"column":0},"end":{"line":0,"column":0}},"skip":true},"4":{"name":"_interopRequireDefault","line":0,"loc":{"start":{"line":0,"column":0},"end":{"line":0,"column":0}},"skip":true},"5":{"name":"_classCallCheck","line":0,"loc":{"start":{"line":0,"column":0},"end":{"line":0,"column":0}},"skip":true},"6":{"name":"(anonymous_6)","line":0,"loc":{"start":{"line":0,"column":0},"end":{"line":0,"column":0}},"skip":true},"7":{"name":"Utils","line":6,"loc":{"start":{"line":6,"column":13},"end":{"line":8,"column":23}}},"8":{"name":"customStringify","line":20,"loc":{"start":{"line":20,"column":18},"end":{"line":20,"column":34}}},"9":{"name":"cmp","line":24,"loc":{"start":{"line":24,"column":13},"end":{"line":24,"column":29}}},"10":{"name":"lower","line":25,"loc":{"start":{"line":25,"column":22},"end":{"line":25,"column":35}}},"11":{"name":"getRealPath","line":40,"loc":{"start":{"line":40,"column":14},"end":{"line":40,"column":25}}},"12":{"name":"expand","line":52,"loc":{"start":{"line":52,"column":9},"end":{"line":52,"column":18}}},"13":{"name":"escapeRegExp","line":63,"loc":{"start":{"line":63,"column":15},"end":{"line":63,"column":20}}},"14":{"name":"extractTernaryKey","line":74,"loc":{"start":{"line":74,"column":20},"end":{"line":74,"column":40}}}},"statementMap":{"1":{"start":{"line":0,"column":0},"end":{"line":0,"column":0},"skip":true},"2":{"start":{"line":0,"column":0},"end":{"line":0,"column":0},"skip":true},"3":{"start":{"line":0,"column":0},"end":{"line":0,"column":0},"skip":true},"4":{"start":{"line":0,"column":0},"end":{"line":0,"column":0},"skip":true},"5":{"start":{"line":0,"column":0},"end":{"line":0,"column":0},"skip":true},"6":{"start":{"line":0,"column":0},"end":{"line":0,"column":0},"skip":true},"7":{"start":{"line":0,"column":0},"end":{"line":0,"column":0},"skip":true},"8":{"start":{"line":0,"column":0},"end":{"line":0,"column":0},"skip":true},"9":{"start":{"line":0,"column":0},"end":{"line":0,"column":0},"skip":true},"10":{"start":{"line":0,"column":0},"end":{"line":0,"column":0},"skip":true},"11":{"start":{"line":0,"column":0},"end":{"line":0,"column":0},"skip":true},"12":{"start":{"line":0,"column":0},"end":{"line":0,"column":0},"skip":true},"13":{"start":{"line":0,"column":0},"end":{"line":0,"column":0},"skip":true},"14":{"start":{"line":0,"column":0},"end":{"line":0,"column":0},"skip":true},"15":{"start":{"line":0,"column":0},"end":{"line":0,"column":0},"skip":true},"16":{"start":{"line":0,"column":0},"end":{"line":0,"column":0},"skip":true},"17":{"start":{"line":0,"column":0},"end":{"line":0,"column":0},"skip":true},"18":{"start":{"line":0,"column":0},"end":{"line":0,"column":0},"skip":true},"19":{"start":{"line":0,"column":0},"end":{"line":0,"column":0},"skip":true},"20":{"start":{"line":0,"column":0},"end":{"line":0,"column":0},"skip":true},"21":{"start":{"line":0,"column":0},"end":{"line":0,"column":0},"skip":true},"22":{"start":{"line":0,"column":0},"end":{"line":0,"column":0},"skip":true},"23":{"start":{"line":0,"column":0},"end":{"line":0,"column":0},"skip":true},"24":{"start":{"line":0,"column":0},"end":{"line":0,"column":0},"skip":true},"25":{"start":{"line":0,"column":0},"end":{"line":0,"column":0},"skip":true},"26":{"start":{"line":0,"column":0},"end":{"line":0,"column":0},"skip":true},"27":{"start":{"line":0,"column":0},"end":{"line":0,"column":0},"skip":true},"28":{"start":{"line":0,"column":0},"end":{"line":0,"column":0},"skip":true},"29":{"start":{"line":0,"column":0},"end":{"line":0,"column":0},"skip":true},"30":{"start":{"line":0,"column":0},"end":{"line":0,"column":0},"skip":true},"31":{"start":{"line":6,"column":13},"end":{"line":null,"column":null}},"32":{"start":{"line":6,"column":13},"end":{"line":8,"column":2}},"33":{"start":{"line":6,"column":13},"end":{"line":8,"column":23}},"34":{"start":{"line":9,"column":9},"end":{"line":8,"column":23}},"35":{"start":{"line":6,"column":13},"end":{"line":null,"column":null}},"36":{"start":{"line":21,"column":8},"end":{"line":21,"column":4}},"37":{"start":{"line":22,"column":13},"end":{"line":21,"column":17}},"38":{"start":{"line":25,"column":14},"end":{"line":24,"column":29}},"39":{"start":{"line":26,"column":19},"end":{"line":25,"column":35}},"40":{"start":{"line":28,"column":17},"end":{"line":24,"column":29}},"41":{"start":{"line":32,"column":11},"end":{"line":20,"column":34}},"42":{"start":{"line":41,"column":8},"end":{"line":43,"column":6}},"43":{"start":{"line":42,"column":13},"end":{"line":41,"column":8}},"44":{"start":{"line":44,"column":11},"end":{"line":40,"column":25}},"45":{"start":{"line":53,"column":11},"end":{"line":52,"column":18}},"46":{"start":{"line":64,"column":11},"end":{"line":63,"column":20}},"47":{"start":{"line":75,"column":8},"end":{"line":74,"column":40}},"48":{"start":{"line":76,"column":8},"end":{"line":74,"column":40}},"49":{"start":{"line":77,"column":8},"end":{"line":74,"column":40}},"50":{"start":{"line":79,"column":8},"end":{"line":74,"column":40}},"51":{"start":{"line":80,"column":8},"end":{"line":74,"column":40}},"52":{"start":{"line":81,"column":8},"end":{"line":81,"column":4}},"53":{"start":{"line":82,"column":14},"end":{"line":81,"column":16}},"54":{"start":{"line":85,"column":8},"end":{"line":85,"column":4}},"55":{"start":{"line":86,"column":13},"end":{"line":85,"column":35}},"56":{"start":{"line":88,"column":11},"end":{"line":74,"column":40}},"57":{"start":{"line":6,"column":13},"end":{"line":null,"column":null}},"58":{"start":{"line":92,"column":0},"end":{"line":null,"column":null}}},"branchMap":{"1":{"line":0,"type":"binary-expr","locations":[{"start":{"line":0,"column":0},"end":{"line":0,"column":0},"skip":true},{"start":{"line":0,"column":0},"end":{"line":0,"column":0},"skip":true}]},"2":{"line":0,"type":"if","locations":[{"start":{"line":0,"column":0},"end":{"line":0,"column":0},"skip":true},{"start":{"line":0,"column":0},"end":{"line":0,"column":0},"skip":true}]},"3":{"line":0,"type":"if","locations":[{"start":{"line":0,"column":0},"end":{"line":0,"column":0},"skip":true},{"start":{"line":0,"column":0},"end":{"line":0,"column":0},"skip":true}]},"4":{"line":0,"type":"if","locations":[{"start":{"line":0,"column":0},"end":{"line":0,"column":0},"skip":true},{"start":{"line":0,"column":0},"end":{"line":0,"column":0},"skip":true}]},"5":{"line":0,"type":"cond-expr","locations":[{"start":{"line":0,"column":0},"end":{"line":0,"column":0},"skip":true},{"start":{"line":0,"column":0},"end":{"line":0,"column":0},"skip":true}]},"6":{"line":0,"type":"binary-expr","locations":[{"start":{"line":0,"column":0},"end":{"line":0,"column":0},"skip":true},{"start":{"line":0,"column":0},"end":{"line":0,"column":0},"skip":true}]},"7":{"line":0,"type":"if","locations":[{"start":{"line":0,"column":0},"end":{"line":0,"column":0},"skip":true},{"start":{"line":0,"column":0},"end":{"line":0,"column":0},"skip":true}]},"8":{"line":9,"type":"binary-expr","locations":[{"start":{"line":9,"column":20},"end":{"line":9,"column":21}},{"start":{"line":9,"column":32},"end":{"line":9,"column":21}},{"start":{"line":9,"column":66},"end":{"line":9,"column":20}}]},"9":{"line":21,"type":"if","locations":[{"start":{"line":21,"column":8},"end":{"line":21,"column":8}},{"start":{"line":21,"column":8},"end":{"line":21,"column":8}}]},"10":{"line":22,"type":"cond-expr","locations":[{"start":{"line":22,"column":52},"end":{"line":22,"column":30}},{"start":{"line":22,"column":62},"end":{"line":22,"column":30}}]},"11":{"line":28,"type":"cond-expr","locations":[{"start":{"line":28,"column":47},"end":{"line":28,"column":47}},{"start":{"line":28,"column":52},"end":{"line":28,"column":17}}]},"12":{"line":81,"type":"if","locations":[{"start":{"line":81,"column":8},"end":{"line":81,"column":8}},{"start":{"line":81,"column":8},"end":{"line":81,"column":8}}]},"13":{"line":85,"type":"if","locations":[{"start":{"line":85,"column":8},"end":{"line":85,"column":8}},{"start":{"line":85,"column":8},"end":{"line":85,"column":8}}]},"14":{"line":85,"type":"binary-expr","locations":[{"start":{"line":85,"column":8},"end":{"line":85,"column":17}},{"start":{"line":85,"column":17},"end":{"line":85,"column":17}}]}}},"/Users/bennnou/Perso/www/angular-translate-extractor/src/translations.js":{"path":"/Users/bennnou/Perso/www/angular-translate-extractor/src/translations.js","s":{"1":1,"2":1,"3":1,"4":1,"5":1,"6":12,"7":12,"8":12,"9":12,"10":12,"11":12,"12":1,"13":1,"14":1,"15":1,"16":0,"17":1,"18":1,"19":1,"20":1,"21":1,"22":1,"23":1,"24":1,"25":3,"26":1,"27":53,"28":0,"29":1,"30":1,"31":1,"32":53,"33":53,"34":53,"35":53,"36":53,"37":53,"38":53,"39":1,"40":17,"41":17,"42":4,"43":14,"44":13,"45":6,"46":6,"47":22,"48":4,"49":4,"50":68,"51":6,"52":62,"53":62,"54":8,"55":8,"56":8,"57":8,"58":8,"59":8,"60":0,"61":8,"62":21,"63":12,"64":12,"65":12,"66":8,"67":2,"68":2,"69":10,"70":8,"71":2,"72":6,"73":19,"74":13,"75":6,"76":1,"77":5,"78":8,"79":3,"80":8,"81":1,"82":8,"83":8,"84":1,"85":8,"86":70,"87":70,"88":70,"89":420,"90":70,"91":41,"92":15,"93":15,"94":15,"95":15,"96":42,"97":20,"98":22,"99":22,"100":12,"101":15,"102":15,"103":36,"104":36,"105":3,"106":33,"107":5,"108":15,"109":109,"110":21,"111":21,"112":21,"113":82,"114":82,"115":82,"116":1,"117":1,"118":1,"119":1,"120":1,"121":1,"122":1,"123":1,"124":76,"125":1,"126":2,"127":2,"128":2,"129":8,"130":8,"131":8,"132":6,"133":0,"134":6,"135":14,"136":2,"137":2,"138":8,"139":7,"140":2},"b":{"1":[12,12],"2":[12,0],"3":[1,0],"4":[0,1],"5":[0,3],"6":[3,3],"7":[0,53],"8":[44,9],"9":[53,9],"10":[45,8],"11":[53,8],"12":[15,2],"13":[17,2],"14":[4,13],"15":[6,8],"16":[2,4],"17":[6,4],"18":[13,9],"19":[1,3],"20":[6,62],"21":[68,67],"22":[0,8],"23":[8,8],"24":[1,7],"25":[8,7],"26":[1,7],"27":[0,8],"28":[8,8],"29":[21,21],"30":[12,0],"31":[2,6],"32":[8,2],"33":[13,6],"34":[1,5],"35":[3,5],"36":[1,7],"37":[1,7],"38":[20,22],"39":[12,10],"40":[3,33],"41":[5,28],"42":[21,0],"43":[82,0],"44":[76,47],"45":[0,0],"46":[7,1]},"f":{"1":1,"2":1,"3":1,"4":3,"5":53,"6":1,"7":53,"8":17,"9":14,"10":6,"11":22,"12":4,"13":68,"14":8,"15":21,"16":12,"17":10,"18":19,"19":70,"20":420,"21":41,"22":15,"23":42,"24":36,"25":109,"26":21,"27":82,"28":1,"29":76,"30":2,"31":8,"32":0,"33":14,"34":8},"fnMap":{"1":{"name":"(anonymous_1)","line":0,"loc":{"start":{"line":0,"column":0},"end":{"line":0,"column":0}},"skip":true},"2":{"name":"defineProperties","line":0,"loc":{"start":{"line":0,"column":0},"end":{"line":0,"column":0}},"skip":true},"3":{"name":"(anonymous_3)","line":0,"loc":{"start":{"line":0,"column":0},"end":{"line":0,"column":0}},"skip":true},"4":{"name":"_interopRequireDefault","line":0,"loc":{"start":{"line":0,"column":0},"end":{"line":0,"column":0}},"skip":true},"5":{"name":"_classCallCheck","line":0,"loc":{"start":{"line":0,"column":0},"end":{"line":0,"column":0}},"skip":true},"6":{"name":"(anonymous_6)","line":0,"loc":{"start":{"line":0,"column":0},"end":{"line":0,"column":0}},"skip":true},"7":{"name":"Translations","line":41,"loc":{"start":{"line":41,"column":13},"end":{"line":43,"column":46}}},"8":{"name":"getFlatTranslations","line":60,"loc":{"start":{"line":60,"column":57},"end":{"line":60,"column":57}}},"9":{"name":"(anonymous_9)","line":62,"loc":{"start":{"line":62,"column":56},"end":{"line":62,"column":73}}},"10":{"name":"getDefaultTranslations","line":74,"loc":{"start":{"line":74,"column":68},"end":{"line":74,"column":68}}},"11":{"name":"(anonymous_11)","line":75,"loc":{"start":{"line":75,"column":41},"end":{"line":75,"column":58}}},"12":{"name":"getTranslations","line":84,"loc":{"start":{"line":84,"column":20},"end":{"line":84,"column":20}}},"13":{"name":"setTranslations","line":94,"loc":{"start":{"line":94,"column":18},"end":{"line":94,"column":32}}},"14":{"name":"getMergedTranslations","line":109,"loc":{"start":{"line":109,"column":54},"end":{"line":109,"column":54}}},"15":{"name":"(anonymous_15)","line":121,"loc":{"start":{"line":121,"column":28},"end":{"line":null,"column":null}}},"16":{"name":"(anonymous_16)","line":121,"loc":{"start":{"line":121,"column":64},"end":{"line":121,"column":84}}},"17":{"name":"(anonymous_17)","line":132,"loc":{"start":{"line":132,"column":36},"end":{"line":132,"column":46}}},"18":{"name":"(anonymous_18)","line":141,"loc":{"start":{"line":141,"column":30},"end":{"line":141,"column":68}}},"19":{"name":"initStats","line":174,"loc":{"start":{"line":174,"column":14},"end":{"line":174,"column":14}}},"20":{"name":"(anonymous_20)","line":176,"loc":{"start":{"line":176,"column":43},"end":{"line":176,"column":52}}},"21":{"name":"getStats","line":186,"loc":{"start":{"line":186,"column":13},"end":{"line":186,"column":13}}},"22":{"name":"computeStats","line":197,"loc":{"start":{"line":197,"column":15},"end":{"line":197,"column":42}}},"23":{"name":"(anonymous_23)","line":202,"loc":{"start":{"line":202,"column":22},"end":{"line":202,"column":38}}},"24":{"name":"(anonymous_24)","line":215,"loc":{"start":{"line":215,"column":25},"end":{"line":215,"column":41}}},"25":{"name":"existStats","line":231,"loc":{"start":{"line":231,"column":13},"end":{"line":231,"column":19}}},"26":{"name":"setStat","line":240,"loc":{"start":{"line":240,"column":10},"end":{"line":240,"column":21}}},"27":{"name":"incStat","line":251,"loc":{"start":{"line":251,"column":10},"end":{"line":251,"column":16}}},"28":{"name":"persist","line":262,"loc":{"start":{"line":262,"column":10},"end":{"line":262,"column":19}}},"29":{"name":"(anonymous_29)","line":302,"loc":{"start":{"line":302,"column":34},"end":{"line":null,"column":null}}},"30":{"name":"(anonymous_30)","line":322,"loc":{"start":{"line":322,"column":28},"end":{"line":322,"column":37}}},"31":{"name":"(anonymous_31)","line":325,"loc":{"start":{"line":325,"column":18},"end":{"line":325,"column":31}}},"32":{"name":"(anonymous_32)","line":329,"loc":{"start":{"line":329,"column":54},"end":{"line":329,"column":76}}},"33":{"name":"(anonymous_33)","line":332,"loc":{"start":{"line":332,"column":25},"end":{"line":332,"column":38}}},"34":{"name":"(anonymous_34)","line":339,"loc":{"start":{"line":339,"column":17},"end":{"line":339,"column":33}}}},"statementMap":{"1":{"start":{"line":0,"column":0},"end":{"line":0,"column":0},"skip":true},"2":{"start":{"line":0,"column":0},"end":{"line":0,"column":0},"skip":true},"3":{"start":{"line":0,"column":0},"end":{"line":0,"column":0},"skip":true},"4":{"start":{"line":0,"column":0},"end":{"line":0,"column":0},"skip":true},"5":{"start":{"line":0,"column":0},"end":{"line":0,"column":0},"skip":true},"6":{"start":{"line":0,"column":0},"end":{"line":0,"column":0},"skip":true},"7":{"start":{"line":0,"column":0},"end":{"line":0,"column":0},"skip":true},"8":{"start":{"line":0,"column":0},"end":{"line":0,"column":0},"skip":true},"9":{"start":{"line":0,"column":0},"end":{"line":0,"column":0},"skip":true},"10":{"start":{"line":0,"column":0},"end":{"line":0,"column":0},"skip":true},"11":{"start":{"line":0,"column":0},"end":{"line":0,"column":0},"skip":true},"12":{"start":{"line":0,"column":0},"end":{"line":0,"column":0},"skip":true},"13":{"start":{"line":0,"column":0},"end":{"line":0,"column":0},"skip":true},"14":{"start":{"line":0,"column":0},"end":{"line":0,"column":0},"skip":true},"15":{"start":{"line":0,"column":0},"end":{"line":0,"column":0},"skip":true},"16":{"start":{"line":0,"column":0},"end":{"line":0,"column":0},"skip":true},"17":{"start":{"line":0,"column":0},"end":{"line":0,"column":0},"skip":true},"18":{"start":{"line":0,"column":0},"end":{"line":0,"column":0},"skip":true},"19":{"start":{"line":0,"column":0},"end":{"line":0,"column":0},"skip":true},"20":{"start":{"line":0,"column":0},"end":{"line":0,"column":0},"skip":true},"21":{"start":{"line":0,"column":0},"end":{"line":0,"column":0},"skip":true},"22":{"start":{"line":0,"column":0},"end":{"line":0,"column":0},"skip":true},"23":{"start":{"line":0,"column":0},"end":{"line":0,"column":0},"skip":true},"24":{"start":{"line":0,"column":0},"end":{"line":0,"column":0},"skip":true},"25":{"start":{"line":0,"column":0},"end":{"line":0,"column":0},"skip":true},"26":{"start":{"line":0,"column":0},"end":{"line":0,"column":0},"skip":true},"27":{"start":{"line":0,"column":0},"end":{"line":0,"column":0},"skip":true},"28":{"start":{"line":0,"column":0},"end":{"line":0,"column":0},"skip":true},"29":{"start":{"line":33,"column":0},"end":{"line":null,"column":null}},"30":{"start":{"line":41,"column":13},"end":{"line":null,"column":null}},"31":{"start":{"line":41,"column":13},"end":{"line":43,"column":2}},"32":{"start":{"line":43,"column":14},"end":{"line":43,"column":46}},"33":{"start":{"line":43,"column":27},"end":{"line":43,"column":46}},"34":{"start":{"line":41,"column":13},"end":{"line":43,"column":46}},"35":{"start":{"line":45,"column":9},"end":{"line":null,"column":null}},"36":{"start":{"line":47,"column":4},"end":{"line":null,"column":null}},"37":{"start":{"line":49,"column":4},"end":{"line":null,"column":null}},"38":{"start":{"line":51,"column":4},"end":{"line":43,"column":46}},"39":{"start":{"line":41,"column":13},"end":{"line":null,"column":null}},"40":{"start":{"line":60,"column":22},"end":{"line":60,"column":57}},"41":{"start":{"line":61,"column":8},"end":{"line":61,"column":4}},"42":{"start":{"line":62,"column":13},"end":{"line":61,"column":31}},"43":{"start":{"line":63,"column":15},"end":{"line":62,"column":73}},"44":{"start":{"line":66,"column":11},"end":{"line":60,"column":57}},"45":{"start":{"line":74,"column":25},"end":{"line":74,"column":68}},"46":{"start":{"line":75,"column":11},"end":{"line":74,"column":68}},"47":{"start":{"line":76,"column":13},"end":{"line":75,"column":58}},"48":{"start":{"line":85,"column":8},"end":{"line":84,"column":20}},"49":{"start":{"line":86,"column":11},"end":{"line":84,"column":20}},"50":{"start":{"line":95,"column":8},"end":{"line":95,"column":4}},"51":{"start":{"line":96,"column":12},"end":{"line":95,"column":71}},"52":{"start":{"line":98,"column":9},"end":{"line":94,"column":32}},"53":{"start":{"line":99,"column":11},"end":{"line":94,"column":32}},"54":{"start":{"line":109,"column":24},"end":{"line":109,"column":54}},"55":{"start":{"line":109,"column":34},"end":{"line":109,"column":54}},"56":{"start":{"line":110,"column":8},"end":{"line":109,"column":54}},"57":{"start":{"line":111,"column":8},"end":{"line":109,"column":54}},"58":{"start":{"line":112,"column":8},"end":{"line":null,"column":null}},"59":{"start":{"line":115,"column":8},"end":{"line":115,"column":4}},"60":{"start":{"line":116,"column":12},"end":{"line":115,"column":53}},"61":{"start":{"line":121,"column":4},"end":{"line":null,"column":null}},"62":{"start":{"line":121,"column":35},"end":{"line":null,"column":null}},"63":{"start":{"line":122,"column":10},"end":{"line":null,"column":null}},"64":{"start":{"line":124,"column":10},"end":{"line":124,"column":6}},"65":{"start":{"line":125,"column":21},"end":{"line":124,"column":67}},"66":{"start":{"line":130,"column":8},"end":{"line":130,"column":4}},"67":{"start":{"line":131,"column":27},"end":{"line":130,"column":30}},"68":{"start":{"line":132,"column":8},"end":{"line":130,"column":30}},"69":{"start":{"line":133,"column":12},"end":{"line":133,"column":8}},"70":{"start":{"line":134,"column":29},"end":{"line":133,"column":48}},"71":{"start":{"line":136,"column":29},"end":{"line":135,"column":15}},"72":{"start":{"line":141,"column":8},"end":{"line":139,"column":11}},"73":{"start":{"line":142,"column":12},"end":{"line":144,"column":15}},"74":{"start":{"line":143,"column":29},"end":{"line":142,"column":66}},"75":{"start":{"line":144,"column":15},"end":{"line":144,"column":15}},"76":{"start":{"line":145,"column":29},"end":{"line":144,"column":70}},"77":{"start":{"line":147,"column":29},"end":{"line":146,"column":15}},"78":{"start":{"line":152,"column":8},"end":{"line":152,"column":4}},"79":{"start":{"line":153,"column":27},"end":{"line":152,"column":22}},"80":{"start":{"line":156,"column":8},"end":{"line":156,"column":4}},"81":{"start":{"line":157,"column":27},"end":{"line":156,"column":31}},"82":{"start":{"line":160,"column":9},"end":{"line":null,"column":null}},"83":{"start":{"line":163,"column":8},"end":{"line":163,"column":4}},"84":{"start":{"line":165,"column":27},"end":{"line":163,"column":26}},"85":{"start":{"line":168,"column":11},"end":{"line":109,"column":54}},"86":{"start":{"line":0,"column":0},"end":{"line":0,"column":0},"skip":true},"87":{"start":{"line":175,"column":9},"end":{"line":174,"column":14}},"88":{"start":{"line":176,"column":6},"end":{"line":174,"column":14}},"89":{"start":{"line":177,"column":11},"end":{"line":176,"column":52}},"90":{"start":{"line":179,"column":11},"end":{"line":174,"column":14}},"91":{"start":{"line":187,"column":11},"end":{"line":186,"column":13}},"92":{"start":{"line":198,"column":9},"end":{"line":197,"column":42}},"93":{"start":{"line":199,"column":8},"end":{"line":197,"column":42}},"94":{"start":{"line":200,"column":8},"end":{"line":null,"column":null}},"95":{"start":{"line":202,"column":4},"end":{"line":null,"column":null}},"96":{"start":{"line":203,"column":10},"end":{"line":203,"column":6}},"97":{"start":{"line":204,"column":13},"end":{"line":203,"column":36}},"98":{"start":{"line":205,"column":13},"end":{"line":205,"column":13}},"99":{"start":{"line":207,"column":12},"end":{"line":207,"column":8}},"100":{"start":{"line":208,"column":15},"end":{"line":207,"column":29}},"101":{"start":{"line":213,"column":4},"end":{"line":null,"column":null}},"102":{"start":{"line":215,"column":4},"end":{"line":197,"column":42}},"103":{"start":{"line":216,"column":11},"end":{"line":215,"column":41}},"104":{"start":{"line":217,"column":10},"end":{"line":219,"column":13}},"105":{"start":{"line":218,"column":13},"end":{"line":217,"column":23}},"106":{"start":{"line":219,"column":13},"end":{"line":219,"column":13}},"107":{"start":{"line":220,"column":13},"end":{"line":219,"column":27}},"108":{"start":{"line":223,"column":11},"end":{"line":197,"column":42}},"109":{"start":{"line":232,"column":11},"end":{"line":231,"column":19}},"110":{"start":{"line":241,"column":8},"end":{"line":241,"column":4}},"111":{"start":{"line":242,"column":11},"end":{"line":241,"column":31}},"112":{"start":{"line":244,"column":11},"end":{"line":240,"column":21}},"113":{"start":{"line":252,"column":8},"end":{"line":252,"column":4}},"114":{"start":{"line":253,"column":11},"end":{"line":252,"column":31}},"115":{"start":{"line":255,"column":11},"end":{"line":251,"column":16}},"116":{"start":{"line":263,"column":12},"end":{"line":262,"column":19}},"117":{"start":{"line":264,"column":11},"end":{"line":262,"column":19}},"118":{"start":{"line":41,"column":13},"end":{"line":null,"column":null}},"119":{"start":{"line":273,"column":0},"end":{"line":null,"column":null}},"120":{"start":{"line":279,"column":0},"end":{"line":null,"column":null}},"121":{"start":{"line":289,"column":0},"end":{"line":null,"column":null}},"122":{"start":{"line":294,"column":0},"end":{"line":null,"column":null}},"123":{"start":{"line":302,"column":0},"end":{"line":null,"column":null}},"124":{"start":{"line":302,"column":43},"end":{"line":null,"column":null}},"125":{"start":{"line":322,"column":0},"end":{"line":null,"column":null}},"126":{"start":{"line":323,"column":6},"end":{"line":322,"column":37}},"127":{"start":{"line":324,"column":6},"end":{"line":322,"column":37}},"128":{"start":{"line":325,"column":4},"end":{"line":null,"column":null}},"129":{"start":{"line":326,"column":13},"end":{"line":325,"column":31}},"130":{"start":{"line":327,"column":8},"end":{"line":325,"column":31}},"131":{"start":{"line":328,"column":9},"end":{"line":328,"column":4}},"132":{"start":{"line":329,"column":10},"end":{"line":328,"column":46}},"133":{"start":{"line":330,"column":15},"end":{"line":329,"column":76}},"134":{"start":{"line":332,"column":8},"end":{"line":328,"column":46}},"135":{"start":{"line":333,"column":15},"end":{"line":332,"column":38}},"136":{"start":{"line":338,"column":6},"end":{"line":322,"column":37}},"137":{"start":{"line":339,"column":4},"end":{"line":322,"column":37}},"138":{"start":{"line":340,"column":8},"end":{"line":340,"column":4}},"139":{"start":{"line":341,"column":20},"end":{"line":340,"column":39}},"140":{"start":{"line":344,"column":9},"end":{"line":322,"column":37}}},"branchMap":{"1":{"line":0,"type":"binary-expr","locations":[{"start":{"line":0,"column":0},"end":{"line":0,"column":0},"skip":true},{"start":{"line":0,"column":0},"end":{"line":0,"column":0},"skip":true}]},"2":{"line":0,"type":"if","locations":[{"start":{"line":0,"column":0},"end":{"line":0,"column":0},"skip":true},{"start":{"line":0,"column":0},"end":{"line":0,"column":0},"skip":true}]},"3":{"line":0,"type":"if","locations":[{"start":{"line":0,"column":0},"end":{"line":0,"column":0},"skip":true},{"start":{"line":0,"column":0},"end":{"line":0,"column":0},"skip":true}]},"4":{"line":0,"type":"if","locations":[{"start":{"line":0,"column":0},"end":{"line":0,"column":0},"skip":true},{"start":{"line":0,"column":0},"end":{"line":0,"column":0},"skip":true}]},"5":{"line":0,"type":"cond-expr","locations":[{"start":{"line":0,"column":0},"end":{"line":0,"column":0},"skip":true},{"start":{"line":0,"column":0},"end":{"line":0,"column":0},"skip":true}]},"6":{"line":0,"type":"binary-expr","locations":[{"start":{"line":0,"column":0},"end":{"line":0,"column":0},"skip":true},{"start":{"line":0,"column":0},"end":{"line":0,"column":0},"skip":true}]},"7":{"line":0,"type":"if","locations":[{"start":{"line":0,"column":0},"end":{"line":0,"column":0},"skip":true},{"start":{"line":0,"column":0},"end":{"line":0,"column":0},"skip":true}]},"8":{"line":43,"type":"cond-expr","locations":[{"start":{"line":43,"column":23},"end":{"line":43,"column":46}},{"start":{"line":43,"column":46},"end":{"line":43,"column":46}}]},"9":{"line":43,"type":"binary-expr","locations":[{"start":{"line":43,"column":23},"end":{"line":43,"column":23}},{"start":{"line":43,"column":23},"end":{"line":43,"column":23}}]},"10":{"line":43,"type":"cond-expr","locations":[{"start":{"line":43,"column":42},"end":{"line":43,"column":46}},{"start":{"line":43,"column":46},"end":{"line":43,"column":46}}]},"11":{"line":43,"type":"binary-expr","locations":[{"start":{"line":43,"column":42},"end":{"line":43,"column":42}},{"start":{"line":43,"column":42},"end":{"line":43,"column":42}}]},"12":{"line":60,"type":"cond-expr","locations":[{"start":{"line":60,"column":37},"end":{"line":60,"column":37}},{"start":{"line":60,"column":57},"end":{"line":60,"column":57}}]},"13":{"line":60,"type":"binary-expr","locations":[{"start":{"line":60,"column":37},"end":{"line":60,"column":37}},{"start":{"line":60,"column":37},"end":{"line":60,"column":37}}]},"14":{"line":61,"type":"if","locations":[{"start":{"line":61,"column":8},"end":{"line":61,"column":8}},{"start":{"line":61,"column":8},"end":{"line":61,"column":8}}]},"15":{"line":63,"type":"cond-expr","locations":[{"start":{"line":63,"column":36},"end":{"line":63,"column":15}},{"start":{"line":63,"column":43},"end":{"line":63,"column":15}}]},"16":{"line":74,"type":"cond-expr","locations":[{"start":{"line":74,"column":40},"end":{"line":74,"column":68}},{"start":{"line":74,"column":68},"end":{"line":74,"column":68}}]},"17":{"line":74,"type":"binary-expr","locations":[{"start":{"line":74,"column":40},"end":{"line":74,"column":40}},{"start":{"line":74,"column":40},"end":{"line":74,"column":40}}]},"18":{"line":76,"type":"cond-expr","locations":[{"start":{"line":76,"column":54},"end":{"line":76,"column":13}},{"start":{"line":76,"column":62},"end":{"line":76,"column":13}}]},"19":{"line":86,"type":"cond-expr","locations":[{"start":{"line":86,"column":30},"end":{"line":86,"column":11}},{"start":{"line":86,"column":70},"end":{"line":86,"column":11}}]},"20":{"line":95,"type":"if","locations":[{"start":{"line":95,"column":8},"end":{"line":95,"column":8}},{"start":{"line":95,"column":8},"end":{"line":95,"column":8}}]},"21":{"line":95,"type":"binary-expr","locations":[{"start":{"line":95,"column":8},"end":{"line":95,"column":39}},{"start":{"line":95,"column":39},"end":{"line":95,"column":39}}]},"22":{"line":109,"type":"cond-expr","locations":[{"start":{"line":109,"column":30},"end":{"line":109,"column":54}},{"start":{"line":109,"column":54},"end":{"line":109,"column":54}}]},"23":{"line":109,"type":"binary-expr","locations":[{"start":{"line":109,"column":30},"end":{"line":109,"column":30}},{"start":{"line":109,"column":30},"end":{"line":109,"column":30}}]},"24":{"line":109,"type":"cond-expr","locations":[{"start":{"line":109,"column":47},"end":{"line":109,"column":54}},{"start":{"line":109,"column":54},"end":{"line":109,"column":54}}]},"25":{"line":109,"type":"binary-expr","locations":[{"start":{"line":109,"column":47},"end":{"line":109,"column":47}},{"start":{"line":109,"column":47},"end":{"line":109,"column":47}}]},"26":{"line":112,"type":"cond-expr","locations":[{"start":{"line":112,"column":51},"end":{"line":112,"column":27}},{"start":{"line":112,"column":58},"end":{"line":112,"column":27}}]},"27":{"line":115,"type":"if","locations":[{"start":{"line":115,"column":8},"end":{"line":115,"column":8}},{"start":{"line":115,"column":8},"end":{"line":115,"column":8}}]},"28":{"line":115,"type":"binary-expr","locations":[{"start":{"line":115,"column":8},"end":{"line":115,"column":30}},{"start":{"line":115,"column":30},"end":{"line":115,"column":30}}]},"29":{"line":121,"type":"binary-expr","locations":[{"start":{"line":121,"column":35},"end":{"line":121,"column":40}},{"start":{"line":121,"column":40},"end":{"line":121,"column":40}}]},"30":{"line":124,"type":"if","locations":[{"start":{"line":124,"column":10},"end":{"line":124,"column":10}},{"start":{"line":124,"column":10},"end":{"line":124,"column":10}}]},"31":{"line":130,"type":"if","locations":[{"start":{"line":130,"column":8},"end":{"line":130,"column":8}},{"start":{"line":130,"column":8},"end":{"line":130,"column":8}}]},"32":{"line":133,"type":"if","locations":[{"start":{"line":133,"column":12},"end":{"line":133,"column":12}},{"start":{"line":133,"column":12},"end":{"line":133,"column":12}}]},"33":{"line":142,"type":"if","locations":[{"start":{"line":142,"column":12},"end":{"line":142,"column":12}},{"start":{"line":142,"column":12},"end":{"line":142,"column":12}}]},"34":{"line":144,"type":"if","locations":[{"start":{"line":144,"column":15},"end":{"line":144,"column":15}},{"start":{"line":144,"column":15},"end":{"line":144,"column":15}}]},"35":{"line":152,"type":"if","locations":[{"start":{"line":152,"column":8},"end":{"line":152,"column":8}},{"start":{"line":152,"column":8},"end":{"line":152,"column":8}}]},"36":{"line":156,"type":"if","locations":[{"start":{"line":156,"column":8},"end":{"line":156,"column":8}},{"start":{"line":156,"column":8},"end":{"line":156,"column":8}}]},"37":{"line":163,"type":"if","locations":[{"start":{"line":163,"column":8},"end":{"line":163,"column":8}},{"start":{"line":163,"column":8},"end":{"line":163,"column":8}}]},"38":{"line":203,"type":"if","locations":[{"start":{"line":203,"column":10},"end":{"line":203,"column":10}},{"start":{"line":203,"column":10},"end":{"line":203,"column":10}}]},"39":{"line":207,"type":"if","locations":[{"start":{"line":207,"column":12},"end":{"line":207,"column":12}},{"start":{"line":207,"column":12},"end":{"line":207,"column":12}}]},"40":{"line":217,"type":"if","locations":[{"start":{"line":217,"column":10},"end":{"line":217,"column":10}},{"start":{"line":217,"column":10},"end":{"line":217,"column":10}}]},"41":{"line":219,"type":"if","locations":[{"start":{"line":219,"column":13},"end":{"line":219,"column":13}},{"start":{"line":219,"column":13},"end":{"line":219,"column":13}}]},"42":{"line":241,"type":"if","locations":[{"start":{"line":241,"column":8},"end":{"line":241,"column":8}},{"start":{"line":241,"column":8},"end":{"line":241,"column":8}}]},"43":{"line":252,"type":"if","locations":[{"start":{"line":252,"column":8},"end":{"line":252,"column":8}},{"start":{"line":252,"column":8},"end":{"line":252,"column":8}}]},"44":{"line":302,"type":"binary-expr","locations":[{"start":{"line":302,"column":43},"end":{"line":302,"column":62}},{"start":{"line":302,"column":62},"end":{"line":302,"column":62}}]},"45":{"line":330,"type":"cond-expr","locations":[{"start":{"line":330,"column":43},"end":{"line":330,"column":43}},{"start":{"line":330,"column":57},"end":{"line":330,"column":15}}]},"46":{"line":340,"type":"if","locations":[{"start":{"line":340,"column":8},"end":{"line":340,"column":8}},{"start":{"line":340,"column":8},"end":{"line":340,"column":8}}]}}},"/Users/bennnou/Perso/www/angular-translate-extractor/src/adapter/json-adapter.js":{"path":"/Users/bennnou/Perso/www/angular-translate-extractor/src/adapter/json-adapter.js","s":{"1":1,"2":1,"3":1,"4":1,"5":1,"6":1,"7":1,"8":0,"9":0,"10":0,"11":1,"12":0,"13":0,"14":0,"15":0,"16":0,"17":0,"18":0,"19":1,"20":0,"21":0,"22":0,"23":0,"24":0,"25":0,"26":0,"27":0,"28":0,"29":0,"30":0,"31":0,"32":0,"33":0,"34":0,"35":0,"36":0,"37":0,"38":0,"39":0,"40":0,"41":0,"42":0,"43":0,"44":0,"45":0,"46":1},"b":{"1":[0,0],"2":[0,0],"3":[0,0],"4":[0,0],"5":[0,0],"6":[0,0],"7":[0,0],"8":[0,0],"9":[0,0]},"f":{"1":1,"2":0,"3":0,"4":0,"5":0},"fnMap":{"1":{"name":"(anonymous_1)","line":10,"loc":{"start":{"line":10,"column":1},"end":{"line":10,"column":12}}},"2":{"name":"JsonAdapter","line":21,"loc":{"start":{"line":21,"column":11},"end":{"line":21,"column":38}}},"3":{"name":"(anonymous_3)","line":29,"loc":{"start":{"line":29,"column":31},"end":{"line":29,"column":48}}},"4":{"name":"(anonymous_4)","line":39,"loc":{"start":{"line":39,"column":34},"end":{"line":39,"column":57}}},"5":{"name":"(anonymous_5)","line":49,"loc":{"start":{"line":49,"column":17},"end":{"line":49,"column":33}}}},"statementMap":{"1":{"start":{"line":10,"column":0},"end":{"line":null,"column":null}},"2":{"start":{"line":13,"column":6},"end":{"line":10,"column":12}},"3":{"start":{"line":14,"column":6},"end":{"line":10,"column":12}},"4":{"start":{"line":15,"column":6},"end":{"line":10,"column":12}},"5":{"start":{"line":16,"column":6},"end":{"line":10,"column":12}},"6":{"start":{"line":18,"column":6},"end":{"line":10,"column":12}},"7":{"start":{"line":21,"column":11},"end":{"line":21,"column":2}},"8":{"start":{"line":22,"column":11},"end":{"line":21,"column":38}},"9":{"start":{"line":23,"column":16},"end":{"line":21,"column":38}},"10":{"start":{"line":24,"column":13},"end":{"line":21,"column":38}},"11":{"start":{"line":29,"column":14},"end":{"line":10,"column":12}},"12":{"start":{"line":30,"column":9},"end":{"line":29,"column":48}},"13":{"start":{"line":31,"column":9},"end":{"line":29,"column":48}},"14":{"start":{"line":32,"column":9},"end":{"line":29,"column":48}},"15":{"start":{"line":33,"column":9},"end":{"line":29,"column":48}},"16":{"start":{"line":34,"column":9},"end":{"line":29,"column":48}},"17":{"start":{"line":35,"column":9},"end":{"line":29,"column":48}},"18":{"start":{"line":36,"column":9},"end":{"line":29,"column":48}},"19":{"start":{"line":39,"column":14},"end":{"line":10,"column":12}},"20":{"start":{"line":40,"column":8},"end":{"line":39,"column":57}},"21":{"start":{"line":41,"column":8},"end":{"line":39,"column":57}},"22":{"start":{"line":42,"column":8},"end":{"line":39,"column":57}},"23":{"start":{"line":43,"column":8},"end":{"line":39,"column":57}},"24":{"start":{"line":44,"column":8},"end":{"line":39,"column":57}},"25":{"start":{"line":45,"column":8},"end":{"line":39,"column":57}},"26":{"start":{"line":46,"column":8},"end":{"line":null,"column":null}},"27":{"start":{"line":49,"column":4},"end":{"line":39,"column":57}},"28":{"start":{"line":51,"column":10},"end":{"line":null,"column":null}},"29":{"start":{"line":57,"column":10},"end":{"line":57,"column":6}},"30":{"start":{"line":58,"column":19},"end":{"line":57,"column":53}},"31":{"start":{"line":61,"column":11},"end":{"line":49,"column":33}},"32":{"start":{"line":63,"column":10},"end":{"line":49,"column":33}},"33":{"start":{"line":64,"column":10},"end":{"line":69,"column":8}},"34":{"start":{"line":66,"column":11},"end":{"line":64,"column":10}},"35":{"start":{"line":67,"column":13},"end":{"line":64,"column":10}},"36":{"start":{"line":68,"column":15},"end":{"line":64,"column":10}},"37":{"start":{"line":70,"column":13},"end":{"line":69,"column":18}},"38":{"start":{"line":73,"column":21},"end":{"line":49,"column":33}},"39":{"start":{"line":75,"column":10},"end":{"line":49,"column":33}},"40":{"start":{"line":76,"column":10},"end":{"line":49,"column":33}},"41":{"start":{"line":77,"column":10},"end":{"line":49,"column":33}},"42":{"start":{"line":78,"column":23},"end":{"line":49,"column":33}},"43":{"start":{"line":79,"column":10},"end":{"line":49,"column":33}},"44":{"start":{"line":85,"column":11},"end":{"line":null,"column":null}},"45":{"start":{"line":88,"column":6},"end":{"line":49,"column":33}},"46":{"start":{"line":93,"column":9},"end":{"line":10,"column":12}}},"branchMap":{"1":{"line":33,"type":"binary-expr","locations":[{"start":{"line":33,"column":18},"end":{"line":33,"column":18}},{"start":{"line":33,"column":35},"end":{"line":33,"column":18}}]},"2":{"line":44,"type":"binary-expr","locations":[{"start":{"line":44,"column":17},"end":{"line":44,"column":17}},{"start":{"line":44,"column":32},"end":{"line":44,"column":17}}]},"3":{"line":45,"type":"binary-expr","locations":[{"start":{"line":45,"column":22},"end":{"line":45,"column":22}},{"start":{"line":45,"column":42},"end":{"line":45,"column":22}}]},"4":{"line":46,"type":"binary-expr","locations":[{"start":{"line":46,"column":28},"end":{"line":46,"column":28}},{"start":{"line":46,"column":53},"end":{"line":46,"column":28}}]},"5":{"line":57,"type":"if","locations":[{"start":{"line":57,"column":10},"end":{"line":57,"column":10}},{"start":{"line":57,"column":10},"end":{"line":57,"column":10}}]},"6":{"line":57,"type":"binary-expr","locations":[{"start":{"line":57,"column":10},"end":{"line":57,"column":10}},{"start":{"line":57,"column":29},"end":{"line":57,"column":29}}]},"7":{"line":70,"type":"cond-expr","locations":[{"start":{"line":70,"column":69},"end":{"line":70,"column":69}},{"start":{"line":70,"column":113},"end":{"line":70,"column":53}}]},"8":{"line":76,"type":"cond-expr","locations":[{"start":{"line":76,"column":58},"end":{"line":76,"column":26}},{"start":{"line":76,"column":67},"end":{"line":76,"column":26}}]},"9":{"line":78,"type":"cond-expr","locations":[{"start":{"line":78,"column":47},"end":{"line":78,"column":23}},{"start":{"line":78,"column":53},"end":{"line":78,"column":23}}]}}},"/Users/bennnou/Perso/www/angular-translate-extractor/src/adapter/pot-adapter.js":{"path":"/Users/bennnou/Perso/www/angular-translate-extractor/src/adapter/pot-adapter.js","s":{"1":1,"2":1,"3":1,"4":1,"5":2,"6":3,"7":3,"8":3,"9":3,"10":3,"11":3,"12":1,"13":2,"14":2,"15":2,"16":0,"17":2,"18":1,"19":1,"20":1,"21":1,"22":1,"23":1,"24":1,"25":1,"26":1,"27":4,"28":1,"29":9,"30":0,"31":1,"32":1,"33":6,"34":6,"35":6,"36":6,"37":6,"38":6,"39":1,"40":3,"41":1,"42":1,"43":9,"44":1,"45":1,"46":3,"47":3,"48":3,"49":3,"50":1,"51":2,"52":2,"53":2,"54":1,"55":1,"56":1,"57":2,"58":1,"59":1,"60":1,"61":1,"62":1},"b":{"1":[3,3],"2":[3,0],"3":[2,0],"4":[0,2],"5":[0,4],"6":[4,4],"7":[0,9],"8":[2,4],"9":[6,5],"10":[3,3],"11":[6,3]},"f":{"1":1,"2":2,"3":2,"4":4,"5":9,"6":1,"7":6,"8":3,"9":9,"10":1,"11":3,"12":2,"13":1,"14":2,"15":1},"fnMap":{"1":{"name":"(anonymous_1)","line":0,"loc":{"start":{"line":0,"column":0},"end":{"line":0,"column":0}},"skip":true},"2":{"name":"defineProperties","line":0,"loc":{"start":{"line":0,"column":0},"end":{"line":0,"column":0}},"skip":true},"3":{"name":"(anonymous_3)","line":0,"loc":{"start":{"line":0,"column":0},"end":{"line":0,"column":0}},"skip":true},"4":{"name":"_interopRequireDefault","line":0,"loc":{"start":{"line":0,"column":0},"end":{"line":0,"column":0}},"skip":true},"5":{"name":"_classCallCheck","line":0,"loc":{"start":{"line":0,"column":0},"end":{"line":0,"column":0}},"skip":true},"6":{"name":"(anonymous_6)","line":0,"loc":{"start":{"line":0,"column":0},"end":{"line":0,"column":0}},"skip":true},"7":{"name":"PotObject","line":6,"loc":{"start":{"line":6,"column":13},"end":{"line":8,"column":38}}},"8":{"name":"toString","line":14,"loc":{"start":{"line":14,"column":13},"end":{"line":14,"column":13}}},"9":{"name":"(anonymous_9)","line":21,"loc":{"start":{"line":21,"column":25},"end":{"line":null,"column":null}}},"10":{"name":"(anonymous_10)","line":0,"loc":{"start":{"line":0,"column":0},"end":{"line":0,"column":0}},"skip":true},"11":{"name":"PotAdapter","line":23,"loc":{"start":{"line":23,"column":13},"end":{"line":25,"column":29}}},"12":{"name":"init","line":36,"loc":{"start":{"line":36,"column":7},"end":{"line":36,"column":15}}},"13":{"name":"persist","line":44,"loc":{"start":{"line":44,"column":10},"end":{"line":44,"column":24}}},"14":{"name":"(anonymous_14)","line":53,"loc":{"start":{"line":53,"column":28},"end":{"line":53,"column":37}}},"15":{"name":"(anonymous_15)","line":57,"loc":{"start":{"line":57,"column":23},"end":{"line":57,"column":38}}}},"statementMap":{"1":{"start":{"line":0,"column":0},"end":{"line":0,"column":0},"skip":true},"2":{"start":{"line":0,"column":0},"end":{"line":0,"column":0},"skip":true},"3":{"start":{"line":0,"column":0},"end":{"line":0,"column":0},"skip":true},"4":{"start":{"line":0,"column":0},"end":{"line":0,"column":0},"skip":true},"5":{"start":{"line":0,"column":0},"end":{"line":0,"column":0},"skip":true},"6":{"start":{"line":0,"column":0},"end":{"line":0,"column":0},"skip":true},"7":{"start":{"line":0,"column":0},"end":{"line":0,"column":0},"skip":true},"8":{"start":{"line":0,"column":0},"end":{"line":0,"column":0},"skip":true},"9":{"start":{"line":0,"column":0},"end":{"line":0,"column":0},"skip":true},"10":{"start":{"line":0,"column":0},"end":{"line":0,"column":0},"skip":true},"11":{"start":{"line":0,"column":0},"end":{"line":0,"column":0},"skip":true},"12":{"start":{"line":0,"column":0},"end":{"line":0,"column":0},"skip":true},"13":{"start":{"line":0,"column":0},"end":{"line":0,"column":0},"skip":true},"14":{"start":{"line":0,"column":0},"end":{"line":0,"column":0},"skip":true},"15":{"start":{"line":0,"column":0},"end":{"line":0,"column":0},"skip":true},"16":{"start":{"line":0,"column":0},"end":{"line":0,"column":0},"skip":true},"17":{"start":{"line":0,"column":0},"end":{"line":0,"column":0},"skip":true},"18":{"start":{"line":0,"column":0},"end":{"line":0,"column":0},"skip":true},"19":{"start":{"line":0,"column":0},"end":{"line":0,"column":0},"skip":true},"20":{"start":{"line":0,"column":0},"end":{"line":0,"column":0},"skip":true},"21":{"start":{"line":0,"column":0},"end":{"line":0,"column":0},"skip":true},"22":{"start":{"line":0,"column":0},"end":{"line":0,"column":0},"skip":true},"23":{"start":{"line":0,"column":0},"end":{"line":0,"column":0},"skip":true},"24":{"start":{"line":0,"column":0},"end":{"line":0,"column":0},"skip":true},"25":{"start":{"line":0,"column":0},"end":{"line":0,"column":0},"skip":true},"26":{"start":{"line":0,"column":0},"end":{"line":0,"column":0},"skip":true},"27":{"start":{"line":0,"column":0},"end":{"line":0,"column":0},"skip":true},"28":{"start":{"line":0,"column":0},"end":{"line":0,"column":0},"skip":true},"29":{"start":{"line":0,"column":0},"end":{"line":0,"column":0},"skip":true},"30":{"start":{"line":0,"column":0},"end":{"line":0,"column":0},"skip":true},"31":{"start":{"line":6,"column":13},"end":{"line":null,"column":null}},"32":{"start":{"line":6,"column":13},"end":{"line":8,"column":2}},"33":{"start":{"line":8,"column":18},"end":{"line":8,"column":38}},"34":{"start":{"line":8,"column":28},"end":{"line":8,"column":38}},"35":{"start":{"line":6,"column":13},"end":{"line":8,"column":38}},"36":{"start":{"line":9,"column":9},"end":{"line":8,"column":38}},"37":{"start":{"line":10,"column":9},"end":{"line":8,"column":38}},"38":{"start":{"line":11,"column":9},"end":{"line":8,"column":38}},"39":{"start":{"line":6,"column":13},"end":{"line":null,"column":null}},"40":{"start":{"line":15,"column":23},"end":{"line":14,"column":13}},"41":{"start":{"line":6,"column":13},"end":{"line":null,"column":null}},"42":{"start":{"line":21,"column":0},"end":{"line":null,"column":null}},"43":{"start":{"line":21,"column":34},"end":{"line":null,"column":null}},"44":{"start":{"line":23,"column":13},"end":{"line":null,"column":null}},"45":{"start":{"line":23,"column":13},"end":{"line":25,"column":2}},"46":{"start":{"line":23,"column":13},"end":{"line":25,"column":29}},"47":{"start":{"line":26,"column":9},"end":{"line":25,"column":29}},"48":{"start":{"line":27,"column":9},"end":{"line":25,"column":29}},"49":{"start":{"line":29,"column":9},"end":{"line":25,"column":29}},"50":{"start":{"line":23,"column":13},"end":{"line":null,"column":null}},"51":{"start":{"line":37,"column":9},"end":{"line":36,"column":15}},"52":{"start":{"line":39,"column":8},"end":{"line":41,"column":6}},"53":{"start":{"line":40,"column":11},"end":{"line":39,"column":8}},"54":{"start":{"line":45,"column":8},"end":{"line":44,"column":24}},"55":{"start":{"line":47,"column":12},"end":{"line":44,"column":24}},"56":{"start":{"line":53,"column":6},"end":{"line":44,"column":24}},"57":{"start":{"line":54,"column":14},"end":{"line":53,"column":37}},"58":{"start":{"line":57,"column":12},"end":{"line":44,"column":24}},"59":{"start":{"line":58,"column":13},"end":{"line":57,"column":38}},"60":{"start":{"line":61,"column":8},"end":{"line":44,"column":24}},"61":{"start":{"line":62,"column":7},"end":{"line":44,"column":24}},"62":{"start":{"line":23,"column":13},"end":{"line":null,"column":null}}},"branchMap":{"1":{"line":0,"type":"binary-expr","locations":[{"start":{"line":0,"column":0},"end":{"line":0,"column":0},"skip":true},{"start":{"line":0,"column":0},"end":{"line":0,"column":0},"skip":true}]},"2":{"line":0,"type":"if","locations":[{"start":{"line":0,"column":0},"end":{"line":0,"column":0},"skip":true},{"start":{"line":0,"column":0},"end":{"line":0,"column":0},"skip":true}]},"3":{"line":0,"type":"if","locations":[{"start":{"line":0,"column":0},"end":{"line":0,"column":0},"skip":true},{"start":{"line":0,"column":0},"end":{"line":0,"column":0},"skip":true}]},"4":{"line":0,"type":"if","locations":[{"start":{"line":0,"column":0},"end":{"line":0,"column":0},"skip":true},{"start":{"line":0,"column":0},"end":{"line":0,"column":0},"skip":true}]},"5":{"line":0,"type":"cond-expr","locations":[{"start":{"line":0,"column":0},"end":{"line":0,"column":0},"skip":true},{"start":{"line":0,"column":0},"end":{"line":0,"column":0},"skip":true}]},"6":{"line":0,"type":"binary-expr","locations":[{"start":{"line":0,"column":0},"end":{"line":0,"column":0},"skip":true},{"start":{"line":0,"column":0},"end":{"line":0,"column":0},"skip":true}]},"7":{"line":0,"type":"if","locations":[{"start":{"line":0,"column":0},"end":{"line":0,"column":0},"skip":true},{"start":{"line":0,"column":0},"end":{"line":0,"column":0},"skip":true}]},"8":{"line":8,"type":"cond-expr","locations":[{"start":{"line":8,"column":24},"end":{"line":8,"column":38}},{"start":{"line":8,"column":38},"end":{"line":8,"column":38}}]},"9":{"line":8,"type":"binary-expr","locations":[{"start":{"line":8,"column":24},"end":{"line":8,"column":24}},{"start":{"line":8,"column":24},"end":{"line":8,"column":24}}]},"10":{"line":8,"type":"cond-expr","locations":[{"start":{"line":8,"column":34},"end":{"line":8,"column":38}},{"start":{"line":8,"column":38},"end":{"line":8,"column":38}}]},"11":{"line":8,"type":"binary-expr","locations":[{"start":{"line":8,"column":34},"end":{"line":8,"column":34}},{"start":{"line":8,"column":34},"end":{"line":8,"column":34}}]}}}}