TN:
SF:/Users/bennnou/Perso/www/angular-translate-extractor/src/index.js
FN:20,(anonymous_2)
FN:23,Extractor
FN:59,_extractTranslation
FN:130,(anonymous_5)
FN:147,defaultValueByTranslationKey
FN:161,(anonymous_7)
FN:197,(anonymous_8)
FN:213,_recurseObject
FN:236,_recurseFeedDefaultNamespace
FN:268,(anonymous_11)
FN:306,(anonymous_12)
FNF:11
FNH:1
FNDA:1,(anonymous_2)
FNDA:0,Extractor
FNDA:0,_extractTranslation
FNDA:0,(anonymous_5)
FNDA:0,defaultValueByTranslationKey
FNDA:0,(anonymous_7)
FNDA:0,(anonymous_8)
FNDA:0,_recurseObject
FNDA:0,_recurseFeedDefaultNamespace
FNDA:0,(anonymous_11)
FNDA:0,(anonymous_12)
DA:19,1
DA:20,1
DA:21,1
DA:23,1
DA:24,0
DA:27,0
DA:28,0
DA:29,0
DA:30,0
DA:35,0
DA:36,0
DA:40,0
DA:59,0
DA:60,0
DA:61,0
DA:62,0
DA:63,0
DA:64,0
DA:65,0
DA:69,0
DA:70,0
DA:71,0
DA:73,0
DA:75,0
DA:76,0
DA:77,0
DA:80,0
DA:83,0
DA:84,0
DA:85,0
DA:86,0
DA:87,0
DA:88,0
DA:89,0
DA:91,0
DA:94,0
DA:98,0
DA:102,0
DA:108,0
DA:109,0
DA:115,0
DA:116,0
DA:119,0
DA:120,0
DA:122,0
DA:123,0
DA:125,0
DA:127,0
DA:128,0
DA:130,0
DA:131,0
DA:132,0
DA:133,0
DA:140,0
DA:141,0
DA:142,0
DA:147,0
DA:148,0
DA:150,0
DA:151,0
DA:153,0
DA:159,0
DA:160,0
DA:161,0
DA:162,0
DA:165,0
DA:173,0
DA:197,0
DA:198,0
DA:199,0
DA:201,0
DA:213,0
DA:214,0
DA:215,0
DA:216,0
DA:217,0
DA:218,0
DA:219,0
DA:220,0
DA:221,0
DA:225,0
DA:236,0
DA:237,0
DA:238,0
DA:239,0
DA:240,0
DA:241,0
DA:244,0
DA:246,0
DA:248,0
DA:251,0
DA:261,0
DA:262,0
DA:264,0
DA:268,0
DA:270,0
DA:271,0
DA:273,0
DA:274,0
DA:275,0
DA:283,0
DA:285,0
DA:286,0
DA:288,0
DA:289,0
DA:290,0
DA:298,0
DA:306,0
DA:307,0
DA:308,0
DA:309,0
DA:310,0
DA:311,0
DA:312,0
DA:318,0
DA:325,0
DA:335,0
DA:336,0
DA:337,0
DA:338,0
DA:339,0
DA:340,0
DA:343,0
DA:344,0
DA:345,0
DA:346,0
DA:350,1
LF:127
LH:5
BRDA:28,3,0,0
BRDA:28,3,1,0
BRDA:29,4,0,0
BRDA:29,4,1,0
BRDA:29,5,0,0
BRDA:29,5,1,0
BRDA:35,6,0,0
BRDA:35,6,1,0
BRDA:35,7,0,0
BRDA:35,7,1,0
BRDA:41,8,0,0
BRDA:41,8,1,0
BRDA:42,9,0,0
BRDA:42,9,1,0
BRDA:43,10,0,0
BRDA:43,10,1,0
BRDA:44,11,0,0
BRDA:44,11,1,0
BRDA:47,12,0,0
BRDA:47,12,1,0
BRDA:48,13,0,0
BRDA:48,13,1,0
BRDA:49,14,0,0
BRDA:49,14,1,0
BRDA:50,15,0,0
BRDA:50,15,1,0
BRDA:52,16,0,0
BRDA:52,16,1,0
BRDA:52,17,0,0
BRDA:52,17,1,0
BRDA:53,18,0,0
BRDA:53,18,1,0
BRDA:55,19,0,0
BRDA:55,19,1,0
BRDA:56,20,0,0
BRDA:56,20,1,0
BRDA:69,21,0,0
BRDA:69,21,1,0
BRDA:74,22,0,0
BRDA:74,22,1,0
BRDA:74,22,2,0
BRDA:74,22,3,0
BRDA:74,22,4,0
BRDA:77,23,0,0
BRDA:77,23,1,0
BRDA:80,24,0,0
BRDA:80,24,1,0
BRDA:88,25,0,0
BRDA:88,25,1,0
BRDA:88,26,0,0
BRDA:88,26,1,0
BRDA:89,27,0,0
BRDA:89,27,1,0
BRDA:98,28,0,0
BRDA:98,28,1,0
BRDA:103,29,0,0
BRDA:103,29,1,0
BRDA:103,29,2,0
BRDA:103,29,3,0
BRDA:103,29,4,0
BRDA:103,29,5,0
BRDA:103,29,6,0
BRDA:103,29,7,0
BRDA:103,29,8,0
BRDA:103,29,9,0
BRDA:103,29,10,0
BRDA:103,29,11,0
BRDA:103,29,12,0
BRDA:122,30,0,0
BRDA:122,30,1,0
BRDA:132,31,0,0
BRDA:132,31,1,0
BRDA:140,32,0,0
BRDA:140,32,1,0
BRDA:140,33,0,0
BRDA:140,33,1,0
BRDA:140,33,2,0
BRDA:141,34,0,0
BRDA:141,34,1,0
BRDA:142,35,0,0
BRDA:142,35,1,0
BRDA:148,36,0,0
BRDA:148,36,1,0
BRDA:148,37,0,0
BRDA:148,37,1,0
BRDA:150,38,0,0
BRDA:150,38,1,0
BRDA:150,39,0,0
BRDA:150,39,1,0
BRDA:160,40,0,0
BRDA:160,40,1,0
BRDA:198,41,0,0
BRDA:198,41,1,0
BRDA:198,42,0,0
BRDA:198,42,1,0
BRDA:215,43,0,0
BRDA:215,43,1,0
BRDA:215,44,0,0
BRDA:215,44,1,0
BRDA:217,45,0,0
BRDA:217,45,1,0
BRDA:217,46,0,0
BRDA:217,46,1,0
BRDA:219,47,0,0
BRDA:219,47,1,0
BRDA:219,48,0,0
BRDA:219,48,1,0
BRDA:237,49,0,0
BRDA:237,49,1,0
BRDA:238,50,0,0
BRDA:238,50,1,0
BRDA:240,51,0,0
BRDA:240,51,1,0
BRDA:241,52,0,0
BRDA:241,52,1,0
BRDA:246,53,0,0
BRDA:246,53,1,0
BRDA:246,54,0,0
BRDA:246,54,1,0
BRDA:277,55,0,0
BRDA:277,55,1,0
BRDA:277,55,2,0
BRDA:277,55,3,0
BRDA:277,55,4,0
BRDA:277,55,5,0
BRDA:277,55,6,0
BRDA:277,55,7,0
BRDA:286,56,0,0
BRDA:286,56,1,0
BRDA:286,57,0,0
BRDA:286,57,1,0
BRDA:289,58,0,0
BRDA:289,58,1,0
BRDA:311,59,0,0
BRDA:311,59,1,0
BRDA:336,60,0,0
BRDA:336,60,1,0
BRF:137
BRH:3
end_of_record
TN:
SF:/Users/bennnou/Perso/www/angular-translate-extractor/src/utils.js
FN:6,Utils
FN:20,customStringify
FN:24,cmp
FN:25,lower
FN:40,getRealPath
FN:52,expand
FN:63,escapeRegExp
FN:74,extractTernaryKey
FNF:8
FNH:8
FNDA:2,Utils
FNDA:10,customStringify
FNDA:3,cmp
FNDA:6,lower
FNDA:2,getRealPath
FNDA:1,expand
FNDA:9,escapeRegExp
FNDA:4,extractTernaryKey
DA:6,2
DA:9,2
DA:21,10
DA:22,7
DA:25,3
DA:26,6
DA:28,3
DA:32,3
DA:41,2
DA:42,2
DA:44,1
DA:53,1
DA:64,9
DA:75,4
DA:76,4
DA:77,4
DA:79,4
DA:80,4
DA:81,4
DA:82,1
DA:85,4
DA:86,4
DA:88,0
DA:92,1
LF:24
LH:23
BRDA:9,8,0,2
BRDA:9,8,1,1
BRDA:9,8,2,1
BRDA:21,9,0,7
BRDA:21,9,1,3
BRDA:22,10,0,4
BRDA:22,10,1,3
BRDA:28,11,0,0
BRDA:28,11,1,3
BRDA:81,12,0,1
BRDA:81,12,1,3
BRDA:85,13,0,4
BRDA:85,13,1,0
BRDA:85,14,0,4
BRDA:85,14,1,4
BRF:15
BRH:13
end_of_record
TN:
SF:/Users/bennnou/Perso/www/angular-translate-extractor/src/translations.js
FN:41,Translations
FN:60,getFlatTranslations
FN:62,(anonymous_9)
FN:74,getDefaultTranslations
FN:75,(anonymous_11)
FN:84,getTranslations
FN:94,setTranslations
FN:109,getMergedTranslations
FN:121,(anonymous_15)
FN:121,(anonymous_16)
FN:132,(anonymous_17)
FN:141,(anonymous_18)
FN:174,initStats
FN:176,(anonymous_20)
FN:186,getStats
FN:197,computeStats
FN:202,(anonymous_23)
FN:215,(anonymous_24)
FN:231,existStats
FN:240,setStat
FN:251,incStat
FN:262,persist
FN:302,(anonymous_29)
FN:322,(anonymous_30)
FN:325,(anonymous_31)
FN:329,(anonymous_32)
FN:332,(anonymous_33)
FN:339,(anonymous_34)
FNF:28
FNH:27
FNDA:53,Translations
FNDA:17,getFlatTranslations
FNDA:14,(anonymous_9)
FNDA:6,getDefaultTranslations
FNDA:22,(anonymous_11)
FNDA:4,getTranslations
FNDA:68,setTranslations
FNDA:8,getMergedTranslations
FNDA:21,(anonymous_15)
FNDA:12,(anonymous_16)
FNDA:10,(anonymous_17)
FNDA:19,(anonymous_18)
FNDA:70,initStats
FNDA:420,(anonymous_20)
FNDA:41,getStats
FNDA:15,computeStats
FNDA:42,(anonymous_23)
FNDA:36,(anonymous_24)
FNDA:109,existStats
FNDA:21,setStat
FNDA:82,incStat
FNDA:1,persist
FNDA:76,(anonymous_29)
FNDA:2,(anonymous_30)
FNDA:8,(anonymous_31)
FNDA:0,(anonymous_32)
FNDA:14,(anonymous_33)
FNDA:8,(anonymous_34)
DA:33,1
DA:41,53
DA:43,53
DA:45,53
DA:47,53
DA:49,53
DA:51,53
DA:60,17
DA:61,17
DA:62,4
DA:63,14
DA:66,13
DA:74,6
DA:75,6
DA:76,22
DA:85,4
DA:86,4
DA:95,68
DA:96,6
DA:98,62
DA:99,62
DA:109,8
DA:110,8
DA:111,8
DA:112,8
DA:115,8
DA:116,0
DA:121,21
DA:122,12
DA:124,12
DA:125,12
DA:130,8
DA:131,2
DA:132,2
DA:133,10
DA:134,8
DA:136,2
DA:141,6
DA:142,19
DA:143,13
DA:144,6
DA:145,1
DA:147,5
DA:152,8
DA:153,3
DA:156,8
DA:157,1
DA:160,8
DA:163,8
DA:165,1
DA:168,8
DA:175,70
DA:176,70
DA:177,420
DA:179,70
DA:187,41
DA:198,15
DA:199,15
DA:200,15
DA:202,15
DA:203,42
DA:204,20
DA:205,22
DA:207,22
DA:208,12
DA:213,15
DA:215,15
DA:216,36
DA:217,36
DA:218,3
DA:219,33
DA:220,5
DA:223,15
DA:232,109
DA:241,21
DA:242,21
DA:244,21
DA:252,82
DA:253,82
DA:255,82
DA:263,1
DA:264,1
DA:273,1
DA:279,1
DA:289,1
DA:294,1
DA:302,76
DA:322,1
DA:323,2
DA:324,2
DA:325,2
DA:326,8
DA:327,8
DA:328,8
DA:329,6
DA:330,0
DA:332,6
DA:333,14
DA:338,2
DA:339,2
DA:340,8
DA:341,7
DA:344,2
LF:103
LH:101
BRDA:43,8,0,44
BRDA:43,8,1,9
BRDA:43,9,0,53
BRDA:43,9,1,9
BRDA:43,10,0,45
BRDA:43,10,1,8
BRDA:43,11,0,53
BRDA:43,11,1,8
BRDA:60,12,0,15
BRDA:60,12,1,2
BRDA:60,13,0,17
BRDA:60,13,1,2
BRDA:61,14,0,4
BRDA:61,14,1,13
BRDA:63,15,0,6
BRDA:63,15,1,8
BRDA:74,16,0,2
BRDA:74,16,1,4
BRDA:74,17,0,6
BRDA:74,17,1,4
BRDA:76,18,0,13
BRDA:76,18,1,9
BRDA:86,19,0,1
BRDA:86,19,1,3
BRDA:95,20,0,6
BRDA:95,20,1,62
BRDA:95,21,0,68
BRDA:95,21,1,67
BRDA:109,22,0,0
BRDA:109,22,1,8
BRDA:109,23,0,8
BRDA:109,23,1,8
BRDA:109,24,0,1
BRDA:109,24,1,7
BRDA:109,25,0,8
BRDA:109,25,1,7
BRDA:112,26,0,1
BRDA:112,26,1,7
BRDA:115,27,0,0
BRDA:115,27,1,8
BRDA:115,28,0,8
BRDA:115,28,1,8
BRDA:121,29,0,21
BRDA:121,29,1,21
BRDA:124,30,0,12
BRDA:124,30,1,0
BRDA:130,31,0,2
BRDA:130,31,1,6
BRDA:133,32,0,8
BRDA:133,32,1,2
BRDA:142,33,0,13
BRDA:142,33,1,6
BRDA:144,34,0,1
BRDA:144,34,1,5
BRDA:152,35,0,3
BRDA:152,35,1,5
BRDA:156,36,0,1
BRDA:156,36,1,7
BRDA:163,37,0,1
BRDA:163,37,1,7
BRDA:203,38,0,20
BRDA:203,38,1,22
BRDA:207,39,0,12
BRDA:207,39,1,10
BRDA:217,40,0,3
BRDA:217,40,1,33
BRDA:219,41,0,5
BRDA:219,41,1,28
BRDA:241,42,0,21
BRDA:241,42,1,0
BRDA:252,43,0,82
BRDA:252,43,1,0
BRDA:302,44,0,76
BRDA:302,44,1,47
BRDA:330,45,0,0
BRDA:330,45,1,0
BRDA:340,46,0,7
BRDA:340,46,1,1
BRF:78
BRH:71
end_of_record
TN:
SF:/Users/bennnou/Perso/www/angular-translate-extractor/src/adapter/json-adapter.js
FN:10,(anonymous_1)
FN:21,JsonAdapter
FN:29,(anonymous_3)
FN:39,(anonymous_4)
FN:49,(anonymous_5)
FNF:5
FNH:1
FNDA:1,(anonymous_1)
FNDA:0,JsonAdapter
FNDA:0,(anonymous_3)
FNDA:0,(anonymous_4)
FNDA:0,(anonymous_5)
DA:10,1
DA:13,1
DA:14,1
DA:15,1
DA:16,1
DA:18,1
DA:21,1
DA:22,0
DA:23,0
DA:24,0
DA:29,1
DA:30,0
DA:31,0
DA:32,0
DA:33,0
DA:34,0
DA:35,0
DA:36,0
DA:39,1
DA:40,0
DA:41,0
DA:42,0
DA:43,0
DA:44,0
DA:45,0
DA:46,0
DA:49,0
DA:51,0
DA:57,0
DA:58,0
DA:61,0
DA:63,0
DA:64,0
DA:66,0
DA:67,0
DA:68,0
DA:70,0
DA:73,0
DA:75,0
DA:76,0
DA:77,0
DA:78,0
DA:79,0
DA:85,0
DA:88,0
DA:93,1
LF:46
LH:10
BRDA:33,1,0,0
BRDA:33,1,1,0
BRDA:44,2,0,0
BRDA:44,2,1,0
BRDA:45,3,0,0
BRDA:45,3,1,0
BRDA:46,4,0,0
BRDA:46,4,1,0
BRDA:57,5,0,0
BRDA:57,5,1,0
BRDA:57,6,0,0
BRDA:57,6,1,0
BRDA:70,7,0,0
BRDA:70,7,1,0
BRDA:76,8,0,0
BRDA:76,8,1,0
BRDA:78,9,0,0
BRDA:78,9,1,0
BRF:18
BRH:0
end_of_record
TN:
SF:/Users/bennnou/Perso/www/angular-translate-extractor/src/adapter/pot-adapter.js
FN:6,PotObject
FN:14,toString
FN:21,(anonymous_9)
FN:23,PotAdapter
FN:36,init
FN:44,persist
FN:53,(anonymous_14)
FN:57,(anonymous_15)
FNF:8
FNH:8
FNDA:6,PotObject
FNDA:3,toString
FNDA:9,(anonymous_9)
FNDA:3,PotAdapter
FNDA:2,init
FNDA:1,persist
FNDA:2,(anonymous_14)
FNDA:1,(anonymous_15)
DA:6,6
DA:8,6
DA:9,6
DA:10,6
DA:11,6
DA:15,3
DA:21,9
DA:23,3
DA:26,3
DA:27,3
DA:29,3
DA:37,2
DA:39,2
DA:40,2
DA:45,1
DA:47,1
DA:53,1
DA:54,2
DA:57,1
DA:58,1
DA:61,1
DA:62,1
LF:22
LH:22
BRDA:8,8,0,2
BRDA:8,8,1,4
BRDA:8,9,0,6
BRDA:8,9,1,5
BRDA:8,10,0,3
BRDA:8,10,1,3
BRDA:8,11,0,6
BRDA:8,11,1,3
BRF:8
BRH:8
end_of_record
